  IONOSPHERIC COMMUNICATIONS ANALYSIS AND PREDICTION PROGRAM
                     VOACAP   VERSION 15.1021W
 
 
          1         2         3         4         5         6         7
 123456789012345678901234567890123456789012345678901234567890123456789012345
 
 LINEMAX      55
 COEFFS    CCIR
 TIME          1   24   01   01
 MONTH      2016 8.00
 SUNSPOT     41.
 LABEL           EN52VA        KG50JE
 CIRCUIT   42.02N    88.21W    29.81S    30.79E  S     0
 SYSTEM       1. 143. 5.00  90. 40.0 0.00 0.00
 FPROB      1.00 1.00 1.00 0.00
 ANTENNA       1    1    2   30     0.000[DEFAULT\CCIR.000     ]  0.0    0.0500
 ANTENNA       2    2    2   30     0.000[DEFAULT\CCIR.000     ]  0.0    0.0500
 FREQUENCY 21.10
 METHOD       30    0
 EXECUTE
 QUIT
     CCIR Coefficients        ~METHOD 30   VOACAP 15.1021W  PAGE   1
 
  Aug    2016          SSN =  41.                Minimum Angle= 5.000 degrees
        EN52VA        KG50JE                AZIMUTHS          N. MI.      KM
  42.02 N   88.21 W - 29.81 S   30.79 E     96.59  301.73    7815.9  14473.9
  XMTR  2-30 +  0.0 dBi[DEFAULT\CCIR.000     ] Az=  0.0 OFFaz= 96.6   0.050kW
  RCVR  2-30 +  0.1 dBi[DEFAULT\CCIR.000     ] Az=  0.0 OFFaz=301.7
  3 MHz NOISE = -143.0 dBW     REQ. REL = 90%    REQ. SNR = 40.0 dB
  MULTIPATH POWER TOLERANCE =  0.0 dB   MULTIPATH DELAY TOLERANCE =  0.000 ms
 
   1.0  9.9 21.1  0.0  0.0  0.0  0.0  0.0  0.0  0.0  0.0  0.0  0.0 FREQ
       F2F2 F2F2   -    -    -    -    -    -    -    -    -    -  MODE
       10.0  8.8   -    -    -    -    -    -    -    -    -    -  TANGLE
        5.0  8.8   -    -    -    -    -    -    -    -    -    -  RANGLE
       50.6 51.4   -    -    -    -    -    -    -    -    -    -  DELAY
        309  410   -    -    -    -    -    -    -    -    -    -  V HITE
       0.50 0.00   -    -    -    -    -    -    -    -    -    -  MUFday
        173  319   -    -    -    -    -    -    -    -    -    -  LOSS
        -29 -168   -    -    -    -    -    -    -    -    -    -  DBU
       -156 -302   -    -    -    -    -    -    -    -    -    -  S DBW
       -157 -166   -    -    -    -    -    -    -    -    -    -  N DBW
          1 -135   -    -    -    -    -    -    -    -    -    -  SNR
         66  188   -    -    -    -    -    -    -    -    -    -  RPWRG
       0.03 0.00   -    -    -    -    -    -    -    -    -    -  REL
       0.00 0.00   -    -    -    -    -    -    -    -    -    -  MPROB
       0.03 0.00   -    -    -    -    -    -    -    -    -    -  S PRB
       25.0  8.9   -    -    -    -    -    -    -    -    -    -  SIG LW
       25.0  6.2   -    -    -    -    -    -    -    -    -    -  SIG UP
       26.7 13.1   -    -    -    -    -    -    -    -    -    -  SNR LW
       25.6  8.6   -    -    -    -    -    -    -    -    -    -  SNR UP
        0.0  0.0   -    -    -    -    -    -    -    -    -    -  TGAIN
        0.1  0.1   -    -    -    -    -    -    -    -    -    -  RGAIN
        -26 -148   -    -    -    -    -    -    -    -    -    -  SNRxx
 
   2.0  9.5 21.1  0.0  0.0  0.0  0.0  0.0  0.0  0.0  0.0  0.0  0.0 FREQ
       F2F2 F2F2   -    -    -    -    -    -    -    -    -    -  MODE
       10.0  9.1   -    -    -    -    -    -    -    -    -    -  TANGLE
        5.0  9.1   -    -    -    -    -    -    -    -    -    -  RANGLE
       50.7 51.5   -    -    -    -    -    -    -    -    -    -  DELAY
        317  419   -    -    -    -    -    -    -    -    -    -  V HITE
       0.50 0.00   -    -    -    -    -    -    -    -    -    -  MUFday
        172  316   -    -    -    -    -    -    -    -    -    -  LOSS
        -29 -165   -    -    -    -    -    -    -    -    -    -  DBU
       -155 -299   -    -    -    -    -    -    -    -    -    -  S DBW
       -156 -166   -    -    -    -    -    -    -    -    -    -  N DBW
          1 -132   -    -    -    -    -    -    -    -    -    -  SNR
         66  186   -    -    -    -    -    -    -    -    -    -  RPWRG
       0.02 0.00   -    -    -    -    -    -    -    -    -    -  REL
       0.00 0.00   -    -    -    -    -    -    -    -    -    -  MPROB
       0.03 0.00   -    -    -    -    -    -    -    -    -    -  S PRB
       25.0  9.5   -    -    -    -    -    -    -    -    -    -  SIG LW
       24.5  5.9   -    -    -    -    -    -    -    -    -    -  SIG UP
       26.7 13.6   -    -    -    -    -    -    -    -    -    -  SNR LW
       25.1  8.4   -    -    -    -    -    -    -    -    -    -  SNR UP
        0.0  0.0   -    -    -    -    -    -    -    -    -    -  TGAIN
        0.1  0.1   -    -    -    -    -    -    -    -    -    -  RGAIN
        -26 -146   -    -    -    -    -    -    -    -    -    -  SNRxx
     CCIR Coefficients         METHOD 30   VOACAP 15.1021W  PAGE   2
 
  Aug    2016          SSN =  41.                Minimum Angle= 5.000 degrees
        EN52VA        KG50JE                AZIMUTHS          N. MI.      KM
  42.02 N   88.21 W - 29.81 S   30.79 E     96.59  301.73    7815.9  14473.9
  XMTR  2-30 +  0.0 dBi[DEFAULT\CCIR.000     ] Az=  0.0 OFFaz= 96.6   0.050kW
  RCVR  2-30 +  0.1 dBi[DEFAULT\CCIR.000     ] Az=  0.0 OFFaz=301.7
  3 MHz NOISE = -143.0 dBW     REQ. REL = 90%    REQ. SNR = 40.0 dB
  MULTIPATH POWER TOLERANCE =  0.0 dB   MULTIPATH DELAY TOLERANCE =  0.000 ms
 
   3.0  8.0 21.1  0.0  0.0  0.0  0.0  0.0  0.0  0.0  0.0  0.0  0.0 FREQ
       F2F2 F2F2   -    -    -    -    -    -    -    -    -    -  MODE
       10.0  9.3   -    -    -    -    -    -    -    -    -    -  TANGLE
        5.0  9.3   -    -    -    -    -    -    -    -    -    -  RANGLE
       50.7 51.6   -    -    -    -    -    -    -    -    -    -  DELAY
        319  426   -    -    -    -    -    -    -    -    -    -  V HITE
       0.50 0.00   -    -    -    -    -    -    -    -    -    -  MUFday
        175  315   -    -    -    -    -    -    -    -    -    -  LOSS
        -33 -164   -    -    -    -    -    -    -    -    -    -  DBU
       -158 -298   -    -    -    -    -    -    -    -    -    -  S DBW
       -154 -166   -    -    -    -    -    -    -    -    -    -  N DBW
         -5 -131   -    -    -    -    -    -    -    -    -    -  SNR
         71  185   -    -    -    -    -    -    -    -    -    -  RPWRG
       0.01 0.00   -    -    -    -    -    -    -    -    -    -  REL
       0.00 0.00   -    -    -    -    -    -    -    -    -    -  MPROB
       0.02 0.00   -    -    -    -    -    -    -    -    -    -  S PRB
       25.0 10.1   -    -    -    -    -    -    -    -    -    -  SIG LW
       23.9  5.5   -    -    -    -    -    -    -    -    -    -  SIG UP
       26.7 14.0   -    -    -    -    -    -    -    -    -    -  SNR LW
       24.5  8.1   -    -    -    -    -    -    -    -    -    -  SNR UP
        0.0  0.0   -    -    -    -    -    -    -    -    -    -  TGAIN
        0.1  0.1   -    -    -    -    -    -    -    -    -    -  RGAIN
        -31 -145   -    -    -    -    -    -    -    -    -    -  SNRxx
 
   4.0  7.6 21.1  0.0  0.0  0.0  0.0  0.0  0.0  0.0  0.0  0.0  0.0 FREQ
       F2F2 F2F2   -    -    -    -    -    -    -    -    -    -  MODE
       10.0  9.3   -    -    -    -    -    -    -    -    -    -  TANGLE
        5.0  9.3   -    -    -    -    -    -    -    -    -    -  RANGLE
       50.7 51.6   -    -    -    -    -    -    -    -    -    -  DELAY
        323  425   -    -    -    -    -    -    -    -    -    -  V HITE
       0.50 0.00   -    -    -    -    -    -    -    -    -    -  MUFday
        177  317   -    -    -    -    -    -    -    -    -    -  LOSS
        -35 -167   -    -    -    -    -    -    -    -    -    -  DBU
       -160 -300   -    -    -    -    -    -    -    -    -    -  S DBW
       -153 -166   -    -    -    -    -    -    -    -    -    -  N DBW
         -7 -134   -    -    -    -    -    -    -    -    -    -  SNR
         73  188   -    -    -    -    -    -    -    -    -    -  RPWRG
       0.01 0.00   -    -    -    -    -    -    -    -    -    -  REL
       0.00 0.00   -    -    -    -    -    -    -    -    -    -  MPROB
       0.02 0.00   -    -    -    -    -    -    -    -    -    -  S PRB
       25.0 10.1   -    -    -    -    -    -    -    -    -    -  SIG LW
       25.0 12.7   -    -    -    -    -    -    -    -    -    -  SIG UP
       26.7 14.0   -    -    -    -    -    -    -    -    -    -  SNR LW
       25.6 14.1   -    -    -    -    -    -    -    -    -    -  SNR UP
        0.0  0.0   -    -    -    -    -    -    -    -    -    -  TGAIN
        0.1  0.1   -    -    -    -    -    -    -    -    -    -  RGAIN
        -33 -148   -    -    -    -    -    -    -    -    -    -  SNRxx
     CCIR Coefficients         METHOD 30   VOACAP 15.1021W  PAGE   3
 
  Aug    2016          SSN =  41.                Minimum Angle= 5.000 degrees
        EN52VA        KG50JE                AZIMUTHS          N. MI.      KM
  42.02 N   88.21 W - 29.81 S   30.79 E     96.59  301.73    7815.9  14473.9
  XMTR  2-30 +  0.0 dBi[DEFAULT\CCIR.000     ] Az=  0.0 OFFaz= 96.6   0.050kW
  RCVR  2-30 +  0.1 dBi[DEFAULT\CCIR.000     ] Az=  0.0 OFFaz=301.7
  3 MHz NOISE = -143.0 dBW     REQ. REL = 90%    REQ. SNR = 40.0 dB
  MULTIPATH POWER TOLERANCE =  0.0 dB   MULTIPATH DELAY TOLERANCE =  0.000 ms
 
   5.0 10.6 21.1  0.0  0.0  0.0  0.0  0.0  0.0  0.0  0.0  0.0  0.0 FREQ
       F2F2 F2F2   -    -    -    -    -    -    -    -    -    -  MODE
        5.0  8.6   -    -    -    -    -    -    -    -    -    -  TANGLE
        9.4  8.6   -    -    -    -    -    -    -    -    -    -  RANGLE
       51.6 51.4   -    -    -    -    -    -    -    -    -    -  DELAY
        449  405   -    -    -    -    -    -    -    -    -    -  V HITE
       0.50 0.00   -    -    -    -    -    -    -    -    -    -  MUFday
        170  264   -    -    -    -    -    -    -    -    -    -  LOSS
        -25 -113   -    -    -    -    -    -    -    -    -    -  DBU
       -153 -247   -    -    -    -    -    -    -    -    -    -  S DBW
       -158 -166   -    -    -    -    -    -    -    -    -    -  N DBW
          5  -81   -    -    -    -    -    -    -    -    -    -  SNR
         62  147   -    -    -    -    -    -    -    -    -    -  RPWRG
       0.04 0.00   -    -    -    -    -    -    -    -    -    -  REL
       0.00 0.00   -    -    -    -    -    -    -    -    -    -  MPROB
       0.04 0.00   -    -    -    -    -    -    -    -    -    -  S PRB
       25.0 25.0   -    -    -    -    -    -    -    -    -    -  SIG LW
       25.0 25.0   -    -    -    -    -    -    -    -    -    -  SIG UP
       26.8 26.8   -    -    -    -    -    -    -    -    -    -  SNR LW
       25.6 25.7   -    -    -    -    -    -    -    -    -    -  SNR UP
        0.0  0.0   -    -    -    -    -    -    -    -    -    -  TGAIN
        0.1  0.1   -    -    -    -    -    -    -    -    -    -  RGAIN
        -22 -107   -    -    -    -    -    -    -    -    -    -  SNRxx
 
   6.0 10.3 21.1  0.0  0.0  0.0  0.0  0.0  0.0  0.0  0.0  0.0  0.0 FREQ
       F2F2 F2F2   -    -    -    -    -    -    -    -    -    -  MODE
        5.0  8.9   -    -    -    -    -    -    -    -    -    -  TANGLE
       10.0  8.9   -    -    -    -    -    -    -    -    -    -  RANGLE
       50.6 51.4   -    -    -    -    -    -    -    -    -    -  DELAY
        307  413   -    -    -    -    -    -    -    -    -    -  V HITE
       0.50 0.00   -    -    -    -    -    -    -    -    -    -  MUFday
        179  316   -    -    -    -    -    -    -    -    -    -  LOSS
        -35 -165   -    -    -    -    -    -    -    -    -    -  DBU
       -162 -299   -    -    -    -    -    -    -    -    -    -  S DBW
       -157 -166   -    -    -    -    -    -    -    -    -    -  N DBW
         -5 -132   -    -    -    -    -    -    -    -    -    -  SNR
         72  185   -    -    -    -    -    -    -    -    -    -  RPWRG
       0.01 0.00   -    -    -    -    -    -    -    -    -    -  REL
       0.00 0.00   -    -    -    -    -    -    -    -    -    -  MPROB
       0.02 0.00   -    -    -    -    -    -    -    -    -    -  S PRB
       25.0  8.5   -    -    -    -    -    -    -    -    -    -  SIG LW
       24.7  5.4   -    -    -    -    -    -    -    -    -    -  SIG UP
       26.8 12.9   -    -    -    -    -    -    -    -    -    -  SNR LW
       25.4  8.0   -    -    -    -    -    -    -    -    -    -  SNR UP
        0.0  0.0   -    -    -    -    -    -    -    -    -    -  TGAIN
        0.1  0.1   -    -    -    -    -    -    -    -    -    -  RGAIN
        -32 -145   -    -    -    -    -    -    -    -    -    -  SNRxx
     CCIR Coefficients         METHOD 30   VOACAP 15.1021W  PAGE   4
 
  Aug    2016          SSN =  41.                Minimum Angle= 5.000 degrees
        EN52VA        KG50JE                AZIMUTHS          N. MI.      KM
  42.02 N   88.21 W - 29.81 S   30.79 E     96.59  301.73    7815.9  14473.9
  XMTR  2-30 +  0.0 dBi[DEFAULT\CCIR.000     ] Az=  0.0 OFFaz= 96.6   0.050kW
  RCVR  2-30 +  0.1 dBi[DEFAULT\CCIR.000     ] Az=  0.0 OFFaz=301.7
  3 MHz NOISE = -143.0 dBW     REQ. REL = 90%    REQ. SNR = 40.0 dB
  MULTIPATH POWER TOLERANCE =  0.0 dB   MULTIPATH DELAY TOLERANCE =  0.000 ms
 
   7.0  9.6 21.1  0.0  0.0  0.0  0.0  0.0  0.0  0.0  0.0  0.0  0.0 FREQ
       F2F2 F2F2   -    -    -    -    -    -    -    -    -    -  MODE
        5.0  9.0   -    -    -    -    -    -    -    -    -    -  TANGLE
       11.7  5.6   -    -    -    -    -    -    -    -    -    -  RANGLE
       50.9 52.1   -    -    -    -    -    -    -    -    -    -  DELAY
        337  517   -    -    -    -    -    -    -    -    -    -  V HITE
       0.50 0.00   -    -    -    -    -    -    -    -    -    -  MUFday
        192  325   -    -    -    -    -    -    -    -    -    -  LOSS
        -48 -175   -    -    -    -    -    -    -    -    -    -  DBU
       -175 -308   -    -    -    -    -    -    -    -    -    -  S DBW
       -157 -166   -    -    -    -    -    -    -    -    -    -  N DBW
        -18 -142   -    -    -    -    -    -    -    -    -    -  SNR
         85  195   -    -    -    -    -    -    -    -    -    -  RPWRG
       0.00 0.00   -    -    -    -    -    -    -    -    -    -  REL
       0.00 0.00   -    -    -    -    -    -    -    -    -    -  MPROB
       0.01 0.00   -    -    -    -    -    -    -    -    -    -  S PRB
       25.0  8.5   -    -    -    -    -    -    -    -    -    -  SIG LW
       25.0 12.4   -    -    -    -    -    -    -    -    -    -  SIG UP
       26.8 12.9   -    -    -    -    -    -    -    -    -    -  SNR LW
       25.7 13.7   -    -    -    -    -    -    -    -    -    -  SNR UP
        0.0  0.0   -    -    -    -    -    -    -    -    -    -  TGAIN
        0.1  0.1   -    -    -    -    -    -    -    -    -    -  RGAIN
        -45 -155   -    -    -    -    -    -    -    -    -    -  SNRxx
 
   8.0  9.4 21.1  0.0  0.0  0.0  0.0  0.0  0.0  0.0  0.0  0.0  0.0 FREQ
       F2 E F2F2   -    -    -    -    -    -    -    -    -    -  MODE
        5.0  9.0   -    -    -    -    -    -    -    -    -    -  TANGLE
        5.0  9.3   -    -    -    -    -    -    -    -    -    -  RANGLE
       50.0 52.1   -    -    -    -    -    -    -    -    -    -  DELAY
        228  502   -    -    -    -    -    -    -    -    -    -  V HITE
       0.50 0.00   -    -    -    -    -    -    -    -    -    -  MUFday
        225  325   -    -    -    -    -    -    -    -    -    -  LOSS
        -82 -174   -    -    -    -    -    -    -    -    -    -  DBU
       -208 -308   -    -    -    -    -    -    -    -    -    -  S DBW
       -157 -166   -    -    -    -    -    -    -    -    -    -  N DBW
        -52 -142   -    -    -    -    -    -    -    -    -    -  SNR
        118  195   -    -    -    -    -    -    -    -    -    -  RPWRG
       0.00 0.00   -    -    -    -    -    -    -    -    -    -  REL
       0.00 0.00   -    -    -    -    -    -    -    -    -    -  MPROB
       0.00 0.00   -    -    -    -    -    -    -    -    -    -  S PRB
       25.0  9.1   -    -    -    -    -    -    -    -    -    -  SIG LW
       19.4  5.4   -    -    -    -    -    -    -    -    -    -  SIG UP
       26.8 13.3   -    -    -    -    -    -    -    -    -    -  SNR LW
       20.2  8.0   -    -    -    -    -    -    -    -    -    -  SNR UP
        0.0  0.0   -    -    -    -    -    -    -    -    -    -  TGAIN
        0.1  0.1   -    -    -    -    -    -    -    -    -    -  RGAIN
        -78 -155   -    -    -    -    -    -    -    -    -    -  SNRxx
     CCIR Coefficients         METHOD 30   VOACAP 15.1021W  PAGE   5
 
  Aug    2016          SSN =  41.                Minimum Angle= 5.000 degrees
        EN52VA        KG50JE                AZIMUTHS          N. MI.      KM
  42.02 N   88.21 W - 29.81 S   30.79 E     96.59  301.73    7815.9  14473.9
  XMTR  2-30 +  0.0 dBi[DEFAULT\CCIR.000     ] Az=  0.0 OFFaz= 96.6   0.050kW
  RCVR  2-30 +  0.1 dBi[DEFAULT\CCIR.000     ] Az=  0.0 OFFaz=301.7
  3 MHz NOISE = -143.0 dBW     REQ. REL = 90%    REQ. SNR = 40.0 dB
  MULTIPATH POWER TOLERANCE =  0.0 dB   MULTIPATH DELAY TOLERANCE =  0.000 ms
 
   9.0 10.5 21.1  0.0  0.0  0.0  0.0  0.0  0.0  0.0  0.0  0.0  0.0 FREQ
       F2 E F2F2   -    -    -    -    -    -    -    -    -    -  MODE
        5.0  8.6   -    -    -    -    -    -    -    -    -    -  TANGLE
        5.0 10.1   -    -    -    -    -    -    -    -    -    -  RANGLE
       50.0 52.2   -    -    -    -    -    -    -    -    -    -  DELAY
        223  518   -    -    -    -    -    -    -    -    -    -  V HITE
       0.50 0.00   -    -    -    -    -    -    -    -    -    -  MUFday
        239  328   -    -    -    -    -    -    -    -    -    -  LOSS
        -94 -177   -    -    -    -    -    -    -    -    -    -  DBU
       -222 -311   -    -    -    -    -    -    -    -    -    -  S DBW
       -158 -166   -    -    -    -    -    -    -    -    -    -  N DBW
        -64 -144   -    -    -    -    -    -    -    -    -    -  SNR
        131  198   -    -    -    -    -    -    -    -    -    -  RPWRG
       0.00 0.00   -    -    -    -    -    -    -    -    -    -  REL
       0.00 0.00   -    -    -    -    -    -    -    -    -    -  MPROB
       0.00 0.00   -    -    -    -    -    -    -    -    -    -  S PRB
       25.0  9.7   -    -    -    -    -    -    -    -    -    -  SIG LW
       20.0 25.0   -    -    -    -    -    -    -    -    -    -  SIG UP
       26.8 13.7   -    -    -    -    -    -    -    -    -    -  SNR LW
       20.8 25.7   -    -    -    -    -    -    -    -    -    -  SNR UP
        0.0  0.0   -    -    -    -    -    -    -    -    -    -  TGAIN
        0.1  0.1   -    -    -    -    -    -    -    -    -    -  RGAIN
        -91 -158   -    -    -    -    -    -    -    -    -    -  SNRxx
 
  10.0 13.1 21.1  0.0  0.0  0.0  0.0  0.0  0.0  0.0  0.0  0.0  0.0 FREQ
       F2F1 F2F2   -    -    -    -    -    -    -    -    -    -  MODE
        8.8  8.1   -    -    -    -    -    -    -    -    -    -  TANGLE
       12.6 10.9   -    -    -    -    -    -    -    -    -    -  RANGLE
       51.5 52.4   -    -    -    -    -    -    -    -    -    -  DELAY
        410  539   -    -    -    -    -    -    -    -    -    -  V HITE
       0.50 0.00   -    -    -    -    -    -    -    -    -    -  MUFday
        210  262   -    -    -    -    -    -    -    -    -    -  LOSS
        -64 -112   -    -    -    -    -    -    -    -    -    -  DBU
       -193 -245   -    -    -    -    -    -    -    -    -    -  S DBW
       -160 -166   -    -    -    -    -    -    -    -    -    -  N DBW
        -34  -79   -    -    -    -    -    -    -    -    -    -  SNR
        100  146   -    -    -    -    -    -    -    -    -    -  RPWRG
       0.00 0.00   -    -    -    -    -    -    -    -    -    -  REL
       0.00 0.00   -    -    -    -    -    -    -    -    -    -  MPROB
       0.00 0.00   -    -    -    -    -    -    -    -    -    -  S PRB
       25.0 25.0   -    -    -    -    -    -    -    -    -    -  SIG LW
       18.3 25.0   -    -    -    -    -    -    -    -    -    -  SIG UP
       26.7 26.8   -    -    -    -    -    -    -    -    -    -  SNR LW
       19.1 25.7   -    -    -    -    -    -    -    -    -    -  SNR UP
        0.0  0.0   -    -    -    -    -    -    -    -    -    -  TGAIN
        0.1  0.1   -    -    -    -    -    -    -    -    -    -  RGAIN
        -60 -106   -    -    -    -    -    -    -    -    -    -  SNRxx
     CCIR Coefficients         METHOD 30   VOACAP 15.1021W  PAGE   6
 
  Aug    2016          SSN =  41.                Minimum Angle= 5.000 degrees
        EN52VA        KG50JE                AZIMUTHS          N. MI.      KM
  42.02 N   88.21 W - 29.81 S   30.79 E     96.59  301.73    7815.9  14473.9
  XMTR  2-30 +  0.0 dBi[DEFAULT\CCIR.000     ] Az=  0.0 OFFaz= 96.6   0.050kW
  RCVR  2-30 +  0.1 dBi[DEFAULT\CCIR.000     ] Az=  0.0 OFFaz=301.7
  3 MHz NOISE = -143.0 dBW     REQ. REL = 90%    REQ. SNR = 40.0 dB
  MULTIPATH POWER TOLERANCE =  0.0 dB   MULTIPATH DELAY TOLERANCE =  0.000 ms
 
  11.0 16.0 21.1  0.0  0.0  0.0  0.0  0.0  0.0  0.0  0.0  0.0  0.0 FREQ
       F2F2 F2F2   -    -    -    -    -    -    -    -    -    -  MODE
        8.8  7.9   -    -    -    -    -    -    -    -    -    -  TANGLE
        8.1 11.0   -    -    -    -    -    -    -    -    -    -  RANGLE
       52.1 52.5   -    -    -    -    -    -    -    -    -    -  DELAY
        500  548   -    -    -    -    -    -    -    -    -    -  V HITE
       0.50 0.01   -    -    -    -    -    -    -    -    -    -  MUFday
        196  236   -    -    -    -    -    -    -    -    -    -  LOSS
        -48  -86   -    -    -    -    -    -    -    -    -    -  DBU
       -180 -219   -    -    -    -    -    -    -    -    -    -  S DBW
       -162 -166   -    -    -    -    -    -    -    -    -    -  N DBW
        -17  -53   -    -    -    -    -    -    -    -    -    -  SNR
         84  120   -    -    -    -    -    -    -    -    -    -  RPWRG
       0.00 0.00   -    -    -    -    -    -    -    -    -    -  REL
       0.00 0.00   -    -    -    -    -    -    -    -    -    -  MPROB
       0.01 0.00   -    -    -    -    -    -    -    -    -    -  S PRB
       25.0 25.0   -    -    -    -    -    -    -    -    -    -  SIG LW
       22.3 25.0   -    -    -    -    -    -    -    -    -    -  SIG UP
       26.7 26.8   -    -    -    -    -    -    -    -    -    -  SNR LW
       23.0 25.7   -    -    -    -    -    -    -    -    -    -  SNR UP
        0.0  0.0   -    -    -    -    -    -    -    -    -    -  TGAIN
        0.1  0.1   -    -    -    -    -    -    -    -    -    -  RGAIN
        -44  -80   -    -    -    -    -    -    -    -    -    -  SNRxx
 
  12.0 18.5 21.1  0.0  0.0  0.0  0.0  0.0  0.0  0.0  0.0  0.0  0.0 FREQ
       F2F2 F2F2   -    -    -    -    -    -    -    -    -    -  MODE
        8.5  7.5   -    -    -    -    -    -    -    -    -    -  TANGLE
        5.0 10.7   -    -    -    -    -    -    -    -    -    -  RANGLE
       51.6 52.4   -    -    -    -    -    -    -    -    -    -  DELAY
        447  547   -    -    -    -    -    -    -    -    -    -  V HITE
       0.50 0.14   -    -    -    -    -    -    -    -    -    -  MUFday
        182  200   -    -    -    -    -    -    -    -    -    -  LOSS
        -32  -49   -    -    -    -    -    -    -    -    -    -  DBU
       -165 -183   -    -    -    -    -    -    -    -    -    -  S DBW
       -164 -166   -    -    -    -    -    -    -    -    -    -  N DBW
         -1  -17   -    -    -    -    -    -    -    -    -    -  SNR
         68   84   -    -    -    -    -    -    -    -    -    -  RPWRG
       0.01 0.00   -    -    -    -    -    -    -    -    -    -  REL
       0.00 0.00   -    -    -    -    -    -    -    -    -    -  MPROB
       0.02 0.01   -    -    -    -    -    -    -    -    -    -  S PRB
       25.0 25.0   -    -    -    -    -    -    -    -    -    -  SIG LW
       23.0 25.0   -    -    -    -    -    -    -    -    -    -  SIG UP
       26.7 26.8   -    -    -    -    -    -    -    -    -    -  SNR LW
       23.7 25.7   -    -    -    -    -    -    -    -    -    -  SNR UP
        0.0  0.0   -    -    -    -    -    -    -    -    -    -  TGAIN
        0.1  0.1   -    -    -    -    -    -    -    -    -    -  RGAIN
        -28  -44   -    -    -    -    -    -    -    -    -    -  SNRxx
     CCIR Coefficients         METHOD 30   VOACAP 15.1021W  PAGE   7
 
  Aug    2016          SSN =  41.                Minimum Angle= 5.000 degrees
        EN52VA        KG50JE                AZIMUTHS          N. MI.      KM
  42.02 N   88.21 W - 29.81 S   30.79 E     96.59  301.73    7815.9  14473.9
  XMTR  2-30 +  0.0 dBi[DEFAULT\CCIR.000     ] Az=  0.0 OFFaz= 96.6   0.050kW
  RCVR  2-30 +  0.1 dBi[DEFAULT\CCIR.000     ] Az=  0.0 OFFaz=301.7
  3 MHz NOISE = -143.0 dBW     REQ. REL = 90%    REQ. SNR = 40.0 dB
  MULTIPATH POWER TOLERANCE =  0.0 dB   MULTIPATH DELAY TOLERANCE =  0.000 ms
 
  13.0 18.8 21.1  0.0  0.0  0.0  0.0  0.0  0.0  0.0  0.0  0.0  0.0 FREQ
       F2F2 F2F2   -    -    -    -    -    -    -    -    -    -  MODE
        9.1  8.1   -    -    -    -    -    -    -    -    -    -  TANGLE
       14.0 11.1   -    -    -    -    -    -    -    -    -    -  RANGLE
       52.3 52.4   -    -    -    -    -    -    -    -    -    -  DELAY
        510  537   -    -    -    -    -    -    -    -    -    -  V HITE
       0.50 0.18   -    -    -    -    -    -    -    -    -    -  MUFday
        180  197   -    -    -    -    -    -    -    -    -    -  LOSS
        -30  -46   -    -    -    -    -    -    -    -    -    -  DBU
       -163 -180   -    -    -    -    -    -    -    -    -    -  S DBW
       -165 -166   -    -    -    -    -    -    -    -    -    -  N DBW
          2  -14   -    -    -    -    -    -    -    -    -    -  SNR
         65   81   -    -    -    -    -    -    -    -    -    -  RPWRG
       0.03 0.00   -    -    -    -    -    -    -    -    -    -  REL
       0.00 0.00   -    -    -    -    -    -    -    -    -    -  MPROB
       0.02 0.01   -    -    -    -    -    -    -    -    -    -  S PRB
       25.0 25.0   -    -    -    -    -    -    -    -    -    -  SIG LW
       24.8 25.0   -    -    -    -    -    -    -    -    -    -  SIG UP
       26.7 26.8   -    -    -    -    -    -    -    -    -    -  SNR LW
       25.4 25.7   -    -    -    -    -    -    -    -    -    -  SNR UP
        0.0  0.0   -    -    -    -    -    -    -    -    -    -  TGAIN
        0.1  0.1   -    -    -    -    -    -    -    -    -    -  RGAIN
        -25  -41   -    -    -    -    -    -    -    -    -    -  SNRxx
 
  14.0 18.2 21.1  0.0  0.0  0.0  0.0  0.0  0.0  0.0  0.0  0.0  0.0 FREQ
       F2F2 F2F2   -    -    -    -    -    -    -    -    -    -  MODE
       10.4  9.3   -    -    -    -    -    -    -    -    -    -  TANGLE
       12.0 11.8   -    -    -    -    -    -    -    -    -    -  RANGLE
       52.1 52.4   -    -    -    -    -    -    -    -    -    -  DELAY
        495  528   -    -    -    -    -    -    -    -    -    -  V HITE
       0.50 0.12   -    -    -    -    -    -    -    -    -    -  MUFday
        178  204   -    -    -    -    -    -    -    -    -    -  LOSS
        -29  -53   -    -    -    -    -    -    -    -    -    -  DBU
       -161 -187   -    -    -    -    -    -    -    -    -    -  S DBW
       -164 -166   -    -    -    -    -    -    -    -    -    -  N DBW
          3  -21   -    -    -    -    -    -    -    -    -    -  SNR
         64   87   -    -    -    -    -    -    -    -    -    -  RPWRG
       0.03 0.00   -    -    -    -    -    -    -    -    -    -  REL
       0.00 0.00   -    -    -    -    -    -    -    -    -    -  MPROB
       0.03 0.00   -    -    -    -    -    -    -    -    -    -  S PRB
       25.0 25.0   -    -    -    -    -    -    -    -    -    -  SIG LW
       24.4 25.0   -    -    -    -    -    -    -    -    -    -  SIG UP
       26.7 26.8   -    -    -    -    -    -    -    -    -    -  SNR LW
       25.0 25.7   -    -    -    -    -    -    -    -    -    -  SNR UP
        0.0  0.0   -    -    -    -    -    -    -    -    -    -  TGAIN
        0.1  0.1   -    -    -    -    -    -    -    -    -    -  RGAIN
        -24  -47   -    -    -    -    -    -    -    -    -    -  SNRxx
     CCIR Coefficients         METHOD 30   VOACAP 15.1021W  PAGE   8
 
  Aug    2016          SSN =  41.                Minimum Angle= 5.000 degrees
        EN52VA        KG50JE                AZIMUTHS          N. MI.      KM
  42.02 N   88.21 W - 29.81 S   30.79 E     96.59  301.73    7815.9  14473.9
  XMTR  2-30 +  0.0 dBi[DEFAULT\CCIR.000     ] Az=  0.0 OFFaz= 96.6   0.050kW
  RCVR  2-30 +  0.1 dBi[DEFAULT\CCIR.000     ] Az=  0.0 OFFaz=301.7
  3 MHz NOISE = -143.0 dBW     REQ. REL = 90%    REQ. SNR = 40.0 dB
  MULTIPATH POWER TOLERANCE =  0.0 dB   MULTIPATH DELAY TOLERANCE =  0.000 ms
 
  15.0 17.9 21.1  0.0  0.0  0.0  0.0  0.0  0.0  0.0  0.0  0.0  0.0 FREQ
       F2F2 F2F2   -    -    -    -    -    -    -    -    -    -  MODE
       11.4 10.2   -    -    -    -    -    -    -    -    -    -  TANGLE
       12.0 11.3   -    -    -    -    -    -    -    -    -    -  RANGLE
       52.4 52.4   -    -    -    -    -    -    -    -    -    -  DELAY
        524  535   -    -    -    -    -    -    -    -    -    -  V HITE
       0.50 0.09   -    -    -    -    -    -    -    -    -    -  MUFday
        174  204   -    -    -    -    -    -    -    -    -    -  LOSS
        -25  -53   -    -    -    -    -    -    -    -    -    -  DBU
       -157 -187   -    -    -    -    -    -    -    -    -    -  S DBW
       -164 -166   -    -    -    -    -    -    -    -    -    -  N DBW
          7  -20   -    -    -    -    -    -    -    -    -    -  SNR
         60   87   -    -    -    -    -    -    -    -    -    -  RPWRG
       0.04 0.00   -    -    -    -    -    -    -    -    -    -  REL
       0.00 0.00   -    -    -    -    -    -    -    -    -    -  MPROB
       0.03 0.00   -    -    -    -    -    -    -    -    -    -  S PRB
       25.0 25.0   -    -    -    -    -    -    -    -    -    -  SIG LW
       24.2 25.0   -    -    -    -    -    -    -    -    -    -  SIG UP
       26.7 26.8   -    -    -    -    -    -    -    -    -    -  SNR LW
       24.9 25.7   -    -    -    -    -    -    -    -    -    -  SNR UP
        0.0  0.0   -    -    -    -    -    -    -    -    -    -  TGAIN
        0.1  0.1   -    -    -    -    -    -    -    -    -    -  RGAIN
        -20  -47   -    -    -    -    -    -    -    -    -    -  SNRxx
 
  16.0 17.9 21.1  0.0  0.0  0.0  0.0  0.0  0.0  0.0  0.0  0.0  0.0 FREQ
       F2F2 F2F2   -    -    -    -    -    -    -    -    -    -  MODE
       11.9 10.7   -    -    -    -    -    -    -    -    -    -  TANGLE
       10.0  9.5   -    -    -    -    -    -    -    -    -    -  RANGLE
       52.4 52.3   -    -    -    -    -    -    -    -    -    -  DELAY
        533  526   -    -    -    -    -    -    -    -    -    -  V HITE
       0.50 0.09   -    -    -    -    -    -    -    -    -    -  MUFday
        184  202   -    -    -    -    -    -    -    -    -    -  LOSS
        -35  -51   -    -    -    -    -    -    -    -    -    -  DBU
       -167 -185   -    -    -    -    -    -    -    -    -    -  S DBW
       -164 -166   -    -    -    -    -    -    -    -    -    -  N DBW
         -3  -18   -    -    -    -    -    -    -    -    -    -  SNR
         70   85   -    -    -    -    -    -    -    -    -    -  RPWRG
       0.01 0.00   -    -    -    -    -    -    -    -    -    -  REL
       0.00 0.00   -    -    -    -    -    -    -    -    -    -  MPROB
       0.02 0.01   -    -    -    -    -    -    -    -    -    -  S PRB
       25.0 25.0   -    -    -    -    -    -    -    -    -    -  SIG LW
       23.4 25.0   -    -    -    -    -    -    -    -    -    -  SIG UP
       26.8 26.8   -    -    -    -    -    -    -    -    -    -  SNR LW
       24.0 25.7   -    -    -    -    -    -    -    -    -    -  SNR UP
        0.0  0.0   -    -    -    -    -    -    -    -    -    -  TGAIN
        0.1  0.1   -    -    -    -    -    -    -    -    -    -  RGAIN
        -30  -45   -    -    -    -    -    -    -    -    -    -  SNRxx
     CCIR Coefficients         METHOD 30   VOACAP 15.1021W  PAGE   9
 
  Aug    2016          SSN =  41.                Minimum Angle= 5.000 degrees
        EN52VA        KG50JE                AZIMUTHS          N. MI.      KM
  42.02 N   88.21 W - 29.81 S   30.79 E     96.59  301.73    7815.9  14473.9
  XMTR  2-30 +  0.0 dBi[DEFAULT\CCIR.000     ] Az=  0.0 OFFaz= 96.6   0.050kW
  RCVR  2-30 +  0.1 dBi[DEFAULT\CCIR.000     ] Az=  0.0 OFFaz=301.7
  3 MHz NOISE = -143.0 dBW     REQ. REL = 90%    REQ. SNR = 40.0 dB
  MULTIPATH POWER TOLERANCE =  0.0 dB   MULTIPATH DELAY TOLERANCE =  0.000 ms
 
  17.0 17.7 21.1  0.0  0.0  0.0  0.0  0.0  0.0  0.0  0.0  0.0  0.0 FREQ
       F2F2 F2F2   -    -    -    -    -    -    -    -    -    -  MODE
       12.0 10.9   -    -    -    -    -    -    -    -    -    -  TANGLE
       12.9  5.7   -    -    -    -    -    -    -    -    -    -  RANGLE
       53.1 52.2   -    -    -    -    -    -    -    -    -    -  DELAY
        620  520   -    -    -    -    -    -    -    -    -    -  V HITE
       0.50 0.07   -    -    -    -    -    -    -    -    -    -  MUFday
        179  202   -    -    -    -    -    -    -    -    -    -  LOSS
        -30  -51   -    -    -    -    -    -    -    -    -    -  DBU
       -162 -185   -    -    -    -    -    -    -    -    -    -  S DBW
       -164 -166   -    -    -    -    -    -    -    -    -    -  N DBW
          2  -18   -    -    -    -    -    -    -    -    -    -  SNR
         64   85   -    -    -    -    -    -    -    -    -    -  RPWRG
       0.02 0.00   -    -    -    -    -    -    -    -    -    -  REL
       0.00 0.00   -    -    -    -    -    -    -    -    -    -  MPROB
       0.03 0.01   -    -    -    -    -    -    -    -    -    -  S PRB
       25.0 25.0   -    -    -    -    -    -    -    -    -    -  SIG LW
       21.9 25.0   -    -    -    -    -    -    -    -    -    -  SIG UP
       26.8 26.8   -    -    -    -    -    -    -    -    -    -  SNR LW
       22.6 25.7   -    -    -    -    -    -    -    -    -    -  SNR UP
        0.0  0.0   -    -    -    -    -    -    -    -    -    -  TGAIN
        0.1  0.1   -    -    -    -    -    -    -    -    -    -  RGAIN
        -24  -45   -    -    -    -    -    -    -    -    -    -  SNRxx
 
  18.0 17.5 21.1  0.0  0.0  0.0  0.0  0.0  0.0  0.0  0.0  0.0  0.0 FREQ
       F2F2 F2F2   -    -    -    -    -    -    -    -    -    -  MODE
        6.4  7.6   -    -    -    -    -    -    -    -    -    -  TANGLE
        8.3  7.6   -    -    -    -    -    -    -    -    -    -  RANGLE
       52.4 51.1   -    -    -    -    -    -    -    -    -    -  DELAY
        551  376   -    -    -    -    -    -    -    -    -    -  V HITE
       0.50 0.17   -    -    -    -    -    -    -    -    -    -  MUFday
        180  194   -    -    -    -    -    -    -    -    -    -  LOSS
        -31  -44   -    -    -    -    -    -    -    -    -    -  DBU
       -163 -177   -    -    -    -    -    -    -    -    -    -  S DBW
       -164 -166   -    -    -    -    -    -    -    -    -    -  N DBW
          1  -11   -    -    -    -    -    -    -    -    -    -  SNR
         66   78   -    -    -    -    -    -    -    -    -    -  RPWRG
       0.02 0.01   -    -    -    -    -    -    -    -    -    -  REL
       0.00 0.00   -    -    -    -    -    -    -    -    -    -  MPROB
       0.03 0.01   -    -    -    -    -    -    -    -    -    -  S PRB
       25.0 25.0   -    -    -    -    -    -    -    -    -    -  SIG LW
       24.0 25.0   -    -    -    -    -    -    -    -    -    -  SIG UP
       26.8 26.8   -    -    -    -    -    -    -    -    -    -  SNR LW
       24.7 25.7   -    -    -    -    -    -    -    -    -    -  SNR UP
        0.0  0.0   -    -    -    -    -    -    -    -    -    -  TGAIN
        0.1  0.1   -    -    -    -    -    -    -    -    -    -  RGAIN
        -26  -38   -    -    -    -    -    -    -    -    -    -  SNRxx
     CCIR Coefficients         METHOD 30   VOACAP 15.1021W  PAGE  10
 
  Aug    2016          SSN =  41.                Minimum Angle= 5.000 degrees
        EN52VA        KG50JE                AZIMUTHS          N. MI.      KM
  42.02 N   88.21 W - 29.81 S   30.79 E     96.59  301.73    7815.9  14473.9
  XMTR  2-30 +  0.0 dBi[DEFAULT\CCIR.000     ] Az=  0.0 OFFaz= 96.6   0.050kW
  RCVR  2-30 +  0.1 dBi[DEFAULT\CCIR.000     ] Az=  0.0 OFFaz=301.7
  3 MHz NOISE = -143.0 dBW     REQ. REL = 90%    REQ. SNR = 40.0 dB
  MULTIPATH POWER TOLERANCE =  0.0 dB   MULTIPATH DELAY TOLERANCE =  0.000 ms
 
  19.0 14.7 21.1  0.0  0.0  0.0  0.0  0.0  0.0  0.0  0.0  0.0  0.0 FREQ
       F2F2 F2F2   -    -    -    -    -    -    -    -    -    -  MODE
       11.0  7.7   -    -    -    -    -    -    -    -    -    -  TANGLE
        8.4  7.7   -    -    -    -    -    -    -    -    -    -  RANGLE
       52.3 51.1   -    -    -    -    -    -    -    -    -    -  DELAY
        528  378   -    -    -    -    -    -    -    -    -    -  V HITE
       0.50 0.02   -    -    -    -    -    -    -    -    -    -  MUFday
        182  221   -    -    -    -    -    -    -    -    -    -  LOSS
        -34  -71   -    -    -    -    -    -    -    -    -    -  DBU
       -165 -204   -    -    -    -    -    -    -    -    -    -  S DBW
       -162 -166   -    -    -    -    -    -    -    -    -    -  N DBW
         -3  -38   -    -    -    -    -    -    -    -    -    -  SNR
         70  105   -    -    -    -    -    -    -    -    -    -  RPWRG
       0.02 0.00   -    -    -    -    -    -    -    -    -    -  REL
       0.00 0.00   -    -    -    -    -    -    -    -    -    -  MPROB
       0.02 0.00   -    -    -    -    -    -    -    -    -    -  S PRB
       25.0 25.0   -    -    -    -    -    -    -    -    -    -  SIG LW
       25.0 25.0   -    -    -    -    -    -    -    -    -    -  SIG UP
       26.8 26.8   -    -    -    -    -    -    -    -    -    -  SNR LW
       25.6 25.7   -    -    -    -    -    -    -    -    -    -  SNR UP
        0.0  0.0   -    -    -    -    -    -    -    -    -    -  TGAIN
        0.1  0.1   -    -    -    -    -    -    -    -    -    -  RGAIN
        -30  -65   -    -    -    -    -    -    -    -    -    -  SNRxx
 
  20.0 12.7 21.1  0.0  0.0  0.0  0.0  0.0  0.0  0.0  0.0  0.0  0.0 FREQ
       F1F2 F2F2   -    -    -    -    -    -    -    -    -    -  MODE
        8.8  8.0   -    -    -    -    -    -    -    -    -    -  TANGLE
        8.6  8.0   -    -    -    -    -    -    -    -    -    -  RANGLE
       51.3 51.2   -    -    -    -    -    -    -    -    -    -  DELAY
        395  387   -    -    -    -    -    -    -    -    -    -  V HITE
       0.50 0.00   -    -    -    -    -    -    -    -    -    -  MUFday
        187  302   -    -    -    -    -    -    -    -    -    -  LOSS
        -41 -151   -    -    -    -    -    -    -    -    -    -  DBU
       -170 -285   -    -    -    -    -    -    -    -    -    -  S DBW
       -160 -166   -    -    -    -    -    -    -    -    -    -  N DBW
        -11 -119   -    -    -    -    -    -    -    -    -    -  SNR
         77  185   -    -    -    -    -    -    -    -    -    -  RPWRG
       0.00 0.00   -    -    -    -    -    -    -    -    -    -  REL
       0.00 0.00   -    -    -    -    -    -    -    -    -    -  MPROB
       0.01 0.00   -    -    -    -    -    -    -    -    -    -  S PRB
       25.0 25.0   -    -    -    -    -    -    -    -    -    -  SIG LW
       13.8 25.0   -    -    -    -    -    -    -    -    -    -  SIG UP
       26.7 26.8   -    -    -    -    -    -    -    -    -    -  SNR LW
       14.8 25.7   -    -    -    -    -    -    -    -    -    -  SNR UP
        0.0  0.0   -    -    -    -    -    -    -    -    -    -  TGAIN
        0.1  0.1   -    -    -    -    -    -    -    -    -    -  RGAIN
        -37 -145   -    -    -    -    -    -    -    -    -    -  SNRxx
     CCIR Coefficients         METHOD 30   VOACAP 15.1021W  PAGE  11
 
  Aug    2016          SSN =  41.                Minimum Angle= 5.000 degrees
        EN52VA        KG50JE                AZIMUTHS          N. MI.      KM
  42.02 N   88.21 W - 29.81 S   30.79 E     96.59  301.73    7815.9  14473.9
  XMTR  2-30 +  0.0 dBi[DEFAULT\CCIR.000     ] Az=  0.0 OFFaz= 96.6   0.050kW
  RCVR  2-30 +  0.1 dBi[DEFAULT\CCIR.000     ] Az=  0.0 OFFaz=301.7
  3 MHz NOISE = -143.0 dBW     REQ. REL = 90%    REQ. SNR = 40.0 dB
  MULTIPATH POWER TOLERANCE =  0.0 dB   MULTIPATH DELAY TOLERANCE =  0.000 ms
 
  21.0 11.7 21.1  0.0  0.0  0.0  0.0  0.0  0.0  0.0  0.0  0.0  0.0 FREQ
       F1F2 F2F2   -    -    -    -    -    -    -    -    -    -  MODE
        8.0  8.3   -    -    -    -    -    -    -    -    -    -  TANGLE
        5.0  8.3   -    -    -    -    -    -    -    -    -    -  RANGLE
       50.5 51.3   -    -    -    -    -    -    -    -    -    -  DELAY
        288  395   -    -    -    -    -    -    -    -    -    -  V HITE
       0.50 0.00   -    -    -    -    -    -    -    -    -    -  MUFday
        185  326   -    -    -    -    -    -    -    -    -    -  LOSS
        -39 -175   -    -    -    -    -    -    -    -    -    -  DBU
       -168 -309   -    -    -    -    -    -    -    -    -    -  S DBW
       -159 -166   -    -    -    -    -    -    -    -    -    -  N DBW
         -9 -142   -    -    -    -    -    -    -    -    -    -  SNR
         76  195   -    -    -    -    -    -    -    -    -    -  RPWRG
       0.00 0.00   -    -    -    -    -    -    -    -    -    -  REL
       0.00 0.00   -    -    -    -    -    -    -    -    -    -  MPROB
       0.01 0.00   -    -    -    -    -    -    -    -    -    -  S PRB
       25.0  8.0   -    -    -    -    -    -    -    -    -    -  SIG LW
       14.1 25.0   -    -    -    -    -    -    -    -    -    -  SIG UP
       26.7 12.6   -    -    -    -    -    -    -    -    -    -  SNR LW
       15.1 25.7   -    -    -    -    -    -    -    -    -    -  SNR UP
        0.0  0.0   -    -    -    -    -    -    -    -    -    -  TGAIN
        0.1  0.1   -    -    -    -    -    -    -    -    -    -  RGAIN
        -36 -155   -    -    -    -    -    -    -    -    -    -  SNRxx
 
  22.0 10.9 21.1  0.0  0.0  0.0  0.0  0.0  0.0  0.0  0.0  0.0  0.0 FREQ
       F2F2 F2F2   -    -    -    -    -    -    -    -    -    -  MODE
        5.2  8.4   -    -    -    -    -    -    -    -    -    -  TANGLE
        5.0  8.4   -    -    -    -    -    -    -    -    -    -  RANGLE
       51.1 51.3   -    -    -    -    -    -    -    -    -    -  DELAY
        378  400   -    -    -    -    -    -    -    -    -    -  V HITE
       0.50 0.00   -    -    -    -    -    -    -    -    -    -  MUFday
        175  323   -    -    -    -    -    -    -    -    -    -  LOSS
        -30 -172   -    -    -    -    -    -    -    -    -    -  DBU
       -158 -306   -    -    -    -    -    -    -    -    -    -  S DBW
       -158 -166   -    -    -    -    -    -    -    -    -    -  N DBW
          0 -140   -    -    -    -    -    -    -    -    -    -  SNR
         67  192   -    -    -    -    -    -    -    -    -    -  RPWRG
       0.01 0.00   -    -    -    -    -    -    -    -    -    -  REL
       0.00 0.00   -    -    -    -    -    -    -    -    -    -  MPROB
       0.02 0.00   -    -    -    -    -    -    -    -    -    -  S PRB
       25.0  8.0   -    -    -    -    -    -    -    -    -    -  SIG LW
       19.1 25.0   -    -    -    -    -    -    -    -    -    -  SIG UP
       26.7 12.6   -    -    -    -    -    -    -    -    -    -  SNR LW
       19.9 25.7   -    -    -    -    -    -    -    -    -    -  SNR UP
        0.0  0.0   -    -    -    -    -    -    -    -    -    -  TGAIN
        0.1  0.1   -    -    -    -    -    -    -    -    -    -  RGAIN
        -27 -152   -    -    -    -    -    -    -    -    -    -  SNRxx
     CCIR Coefficients         METHOD 30   VOACAP 15.1021W  PAGE  12
 
  Aug    2016          SSN =  41.                Minimum Angle= 5.000 degrees
        EN52VA        KG50JE                AZIMUTHS          N. MI.      KM
  42.02 N   88.21 W - 29.81 S   30.79 E     96.59  301.73    7815.9  14473.9
  XMTR  2-30 +  0.0 dBi[DEFAULT\CCIR.000     ] Az=  0.0 OFFaz= 96.6   0.050kW
  RCVR  2-30 +  0.1 dBi[DEFAULT\CCIR.000     ] Az=  0.0 OFFaz=301.7
  3 MHz NOISE = -143.0 dBW     REQ. REL = 90%    REQ. SNR = 40.0 dB
  MULTIPATH POWER TOLERANCE =  0.0 dB   MULTIPATH DELAY TOLERANCE =  0.000 ms
 
  23.0  9.9 21.1  0.0  0.0  0.0  0.0  0.0  0.0  0.0  0.0  0.0  0.0 FREQ
       F2F2 F2F2   -    -    -    -    -    -    -    -    -    -  MODE
       10.0  6.2   -    -    -    -    -    -    -    -    -    -  TANGLE
        5.0  8.5   -    -    -    -    -    -    -    -    -    -  RANGLE
       50.6 51.7   -    -    -    -    -    -    -    -    -    -  DELAY
        304  462   -    -    -    -    -    -    -    -    -    -  V HITE
       0.50 0.00   -    -    -    -    -    -    -    -    -    -  MUFday
        178  324   -    -    -    -    -    -    -    -    -    -  LOSS
        -33 -173   -    -    -    -    -    -    -    -    -    -  DBU
       -161 -307   -    -    -    -    -    -    -    -    -    -  S DBW
       -157 -166   -    -    -    -    -    -    -    -    -    -  N DBW
         -4 -140   -    -    -    -    -    -    -    -    -    -  SNR
         71  193   -    -    -    -    -    -    -    -    -    -  RPWRG
       0.01 0.00   -    -    -    -    -    -    -    -    -    -  REL
       0.00 0.00   -    -    -    -    -    -    -    -    -    -  MPROB
       0.02 0.00   -    -    -    -    -    -    -    -    -    -  S PRB
       25.0  8.8   -    -    -    -    -    -    -    -    -    -  SIG LW
       23.6  5.7   -    -    -    -    -    -    -    -    -    -  SIG UP
       26.7 13.1   -    -    -    -    -    -    -    -    -    -  SNR LW
       24.2  8.2   -    -    -    -    -    -    -    -    -    -  SNR UP
        0.0  0.0   -    -    -    -    -    -    -    -    -    -  TGAIN
        0.1  0.1   -    -    -    -    -    -    -    -    -    -  RGAIN
        -31 -153   -    -    -    -    -    -    -    -    -    -  SNRxx
 
  24.0  9.5 21.1  0.0  0.0  0.0  0.0  0.0  0.0  0.0  0.0  0.0  0.0 FREQ
       F2F2 F2F2   -    -    -    -    -    -    -    -    -    -  MODE
       10.0  8.5   -    -    -    -    -    -    -    -    -    -  TANGLE
        5.0  8.5   -    -    -    -    -    -    -    -    -    -  RANGLE
       50.6 51.4   -    -    -    -    -    -    -    -    -    -  DELAY
        302  402   -    -    -    -    -    -    -    -    -    -  V HITE
       0.50 0.00   -    -    -    -    -    -    -    -    -    -  MUFday
        175  321   -    -    -    -    -    -    -    -    -    -  LOSS
        -31 -170   -    -    -    -    -    -    -    -    -    -  DBU
       -158 -304   -    -    -    -    -    -    -    -    -    -  S DBW
       -156 -166   -    -    -    -    -    -    -    -    -    -  N DBW
         -2 -138   -    -    -    -    -    -    -    -    -    -  SNR
         69  191   -    -    -    -    -    -    -    -    -    -  RPWRG
       0.02 0.00   -    -    -    -    -    -    -    -    -    -  REL
       0.00 0.00   -    -    -    -    -    -    -    -    -    -  MPROB
       0.02 0.00   -    -    -    -    -    -    -    -    -    -  S PRB
       25.0  8.9   -    -    -    -    -    -    -    -    -    -  SIG LW
       25.0  6.2   -    -    -    -    -    -    -    -    -    -  SIG UP
       26.7 13.1   -    -    -    -    -    -    -    -    -    -  SNR LW
       25.6  8.6   -    -    -    -    -    -    -    -    -    -  SNR UP
        0.0  0.0   -    -    -    -    -    -    -    -    -    -  TGAIN
        0.1  0.1   -    -    -    -    -    -    -    -    -    -  RGAIN
        -29 -151   -    -    -    -    -    -    -    -    -    -  SNRxx
 *****END OF RUN*****     VOACAP 15.1021W
