  IONOSPHERIC COMMUNICATIONS ANALYSIS AND PREDICTION PROGRAM
                     VOACAP   VERSION 10.0123W
 
 
          1         2         3         4         5         6         7
 123456789012345678901234567890123456789012345678901234567890123456789012345
 
 COEFFS    CCIR
 TIME          1   24    1    1
 MONTH      2011 2.00
 SUNSPOT     22.
 LABEL     Transmitter         Receiver
 CIRCUIT   41.80N    87.70W    38.41N    78.29W  S     0
 SYSTEM       1. 145. 6.00  90. 45.0 3.00 0.10
 FPROB      1.00 1.00 1.00 0.70
 ANTENNA       1    1    2   30     2.200[default\Isotrope     ]  0.0    0.1000
 ANTENNA       2    2    2   30     0.000[default\Isotrope     ]  0.0    2.2000
 FREQUENCY  2.00 4.00 6.00 8.0010.0012.0014.0016.0018.0020.0022.00
 METHOD       22    0
 EXECUTE
 QUIT
     CCIR Coefficients        ~METHOD 22   VOACAP 10.0123W  PAGE   1
 
  Feb    2011          SSN =  22.                Minimum Angle= 6.000 degrees
  Transmitter         Receiver              AZIMUTHS          N. MI.      KM
  41.80 N   87.70 W - 38.41 N   78.29 W    112.13  298.20     477.3    883.8
  XMTR  2-30 +  2.2 dBi[default\Isotrope     ] Az=  0.0 OFFaz=112.1   0.100kW
  RCVR  2-30 +  2.2 dBi[default\Isotrope     ] Az=  0.0 OFFaz=298.2
  3 MHz NOISE = -145.0 dBW     REQ. REL = 90%    REQ. SNR = 45.0 dB
  MULTIPATH POWER TOLERANCE =  3.0 dB   MULTIPATH DELAY TOLERANCE =  0.100 ms
 
   1.0  7.2  2.0  4.0  6.0  8.0 10.0 12.0 14.0 16.0 18.0 20.0 22.0 FREQ
        1F2  1 E  1F2  1F2  1F2  1F2  1F2  1F2  1F2  1F2  1F2  1F2 MODE
       34.0 11.5 26.0 27.7 34.0 34.0 34.0 34.0 34.0 34.0 34.0 34.0 TANGLE
        3.7  3.1  3.4  3.5  3.7  3.7  3.7  3.7  3.7  3.7  3.7  3.7 DELAY
        330  107  239  257  330  330  330  330  330  330  330  330 V HITE
       0.50 0.83 0.99 0.82 0.27 0.02 0.00 0.00 0.00 0.00 0.00 0.00 MUFday
        113  106  106  107  118  140  172  209  210  211  212  212 LOSS
         30   27   32   34   25    5  -26  -61  -61  -61  -61  -61 DBU
        -93  -84  -85  -87  -98 -120 -152 -189 -190 -191 -192 -192 S DBW
       -153 -138 -146 -151 -155 -158 -160 -163 -165 -166 -168 -169 N DBW
         61   55   61   64   57   38    8  -26  -25  -25  -24  -24 SNR
          5    1   -5   -5   13   33   63   83   82   82   81   81 RPWRG
       0.83 0.87 0.97 0.96 0.73 0.35 0.03 0.00 0.00 0.00 0.00 0.00 REL
       0.00 0.00 0.00 0.00 0.00 0.00 0.00 0.00 0.00 0.00 0.00 0.00 MPROB
       0.42 0.36 0.61 0.61 0.33 0.15 0.03 0.00 0.00 0.00 0.00 0.00 S PRB
       18.6  5.6  6.5 10.4 23.1 25.0 25.0  7.2  7.2  7.2  7.2  7.2 SIG LW
        8.5  6.4  4.6  4.8 11.8 22.3 25.0 23.9  3.8  3.8  3.8  3.8 SIG UP
       20.6 10.8 11.1 13.7 24.7 26.6 26.7 11.9 12.0 12.0 12.1 12.1 SNR LW
       10.1  9.0  7.6  7.4 12.9 22.9 25.5 24.5  6.8  6.9  7.0  7.0 SNR UP
        2.2  2.2  2.2  2.2  2.2  2.2  2.2  2.2  2.2  2.2  2.2  2.2 TGAIN
        2.2  2.2  2.2  2.2  2.2  2.2  2.2  2.2  2.2  2.2  2.2  2.2 RGAIN
         40   44   50   50   32   12  -18  -38  -37  -37  -36  -36 SNRxx
 
   2.0  6.0  2.0  4.0  6.0  8.0 10.0 12.0 14.0 16.0 18.0 20.0 22.0 FREQ
        1F2  1F2  1F2  1F2  1ES  1ES  1ES  1F2  1F2  1F2  1F2  1F2 MODE
       35.3 27.3 27.5 35.3 11.9 11.9 11.9 35.3 35.3 35.3 35.3 35.3 TANGLE
        3.8  3.4  3.5  3.8  3.1  3.1  3.1  3.8  3.8  3.8  3.8  3.8 DELAY
        345  253  255  345  110  110  110  345  345  345  345  345 V HITE
       0.50 1.00 0.97 0.50 0.25 0.13 0.06 0.00 0.00 0.00 0.00 0.00 MUFday
        112  110  106  112  132  146  176  207  208  209  209  210 LOSS
         29   24   32   29   14   -1  -29  -59  -59  -58  -58  -58 DBU
        -91  -88  -85  -91 -109 -126 -156 -187 -188 -189 -189 -190 S DBW
       -151 -137 -145 -151 -154 -158 -161 -163 -165 -166 -168 -169 N DBW
         59   50   60   59   45   32    5  -24  -23  -22  -22  -21 SNR
          4    4   -5    4   20   40   66   80   79   78   78   78 RPWRG
       0.84 0.75 0.97 0.84 0.51 0.25 0.02 0.00 0.00 0.00 0.00 0.00 REL
       0.00 0.00 0.00 0.00 0.43 0.00 0.00 0.00 0.00 0.00 0.00 0.00 MPROB
       0.42 0.35 0.61 0.42 0.21 0.12 0.03 0.00 0.00 0.00 0.00 0.00 S PRB
       16.2  0.7  5.7 16.2 18.2 25.0 24.6  5.8  5.8  5.8  5.8  5.8 SIG LW
       10.9 11.1  7.4 10.9 21.1 25.0 25.0  6.6  6.5  6.5  6.5  6.5 SIG UP
       18.4  9.0 10.4 18.4 20.2 26.6 26.4 11.1 11.2 11.3 11.3 11.3 SNR LW
       12.2 12.7  9.4 12.2 21.7 25.5 25.5  8.6  8.7  8.7  8.8  8.8 SNR UP
        2.2  2.2  2.2  2.2  2.2  2.2  2.2  2.2  2.2  2.2  2.2  2.2 TGAIN
        2.2  2.2  2.2  2.2  2.2  2.2  2.2  2.2  2.2  2.2  2.2  2.2 RGAIN
         41   41   50   41   25    5  -21  -35  -34  -33  -33  -33 SNRxx
     CCIR Coefficients         METHOD 22   VOACAP 10.0123W  PAGE   2
 
  Feb    2011          SSN =  22.                Minimum Angle= 6.000 degrees
  Transmitter         Receiver              AZIMUTHS          N. MI.      KM
  41.80 N   87.70 W - 38.41 N   78.29 W    112.13  298.20     477.3    883.8
  XMTR  2-30 +  2.2 dBi[default\Isotrope     ] Az=  0.0 OFFaz=112.1   0.100kW
  RCVR  2-30 +  2.2 dBi[default\Isotrope     ] Az=  0.0 OFFaz=298.2
  3 MHz NOISE = -145.0 dBW     REQ. REL = 90%    REQ. SNR = 45.0 dB
  MULTIPATH POWER TOLERANCE =  3.0 dB   MULTIPATH DELAY TOLERANCE =  0.100 ms
 
   3.0  5.3  2.0  4.0  6.0  8.0 10.0 12.0 14.0 16.0 18.0 20.0 22.0 FREQ
        1F2  1F2  1F2  1F2  1ES  1ES  1ES  1F2  1F2  1F2  1F2  1F2 MODE
       36.3 27.9 29.3 36.3 11.9 11.9 11.9 36.3 36.3 36.3 36.3 36.3 TANGLE
        3.9  3.5  3.5  3.9  3.1  3.1  3.1  3.9  3.9  3.9  3.9  3.9 DELAY
        359  260  274  359  110  110  110  359  359  359  359  359 V HITE
       0.50 1.00 0.91 0.22 0.27 0.15 0.07 0.00 0.00 0.00 0.00 0.00 MUFday
        111  110  106  117  130  143  168  205  206  207  208  208 LOSS
         29   23   32   24   13    2  -21  -57  -57  -57  -57  -57 DBU
        -91  -88  -85  -96 -110 -123 -148 -185 -186 -187 -188 -188 S DBW
       -148 -136 -145 -150 -154 -158 -161 -163 -165 -166 -168 -169 N DBW
         58   49   59   54   44   35   13  -22  -21  -20  -20  -20 SNR
          4    5   -4    8   17   35   59   77   77   76   76   75 RPWRG
       0.84 0.70 0.97 0.74 0.47 0.30 0.05 0.00 0.00 0.00 0.00 0.00 REL
       0.00 0.00 0.00 0.00 0.00 0.00 0.00 0.00 0.00 0.00 0.00 0.00 MPROB
       0.42 0.31 0.60 0.31 0.23 0.14 0.04 0.00 0.00 0.00 0.00 0.00 S PRB
       13.8  0.8  5.2 15.1 13.6 22.8 24.9  4.5  4.4  4.4  4.4  4.4 SIG LW
       10.7 11.3  7.3 14.1 19.3 25.0 25.0 10.6  6.4  6.4  6.4  6.4 SIG UP
       16.2  8.7  9.9 17.3 16.2 24.5 26.6 10.5 10.6 10.6 10.6 10.6 SNR LW
       11.9 12.7  9.2 15.0 19.9 25.5 25.5 12.0  8.6  8.7  8.7  8.7 SNR UP
        2.2  2.2  2.2  2.2  2.2  2.2  2.2  2.2  2.2  2.2  2.2  2.2 TGAIN
        2.2  2.2  2.2  2.2  2.2  2.2  2.2  2.2  2.2  2.2  2.2  2.2 RGAIN
         41   40   49   37   28   10  -14  -32  -32  -31  -31  -30 SNRxx
 
   4.0  5.0  2.0  4.0  6.0  8.0 10.0 12.0 14.0 16.0 18.0 20.0 22.0 FREQ
        1F2  1F2  1F2  1F2  1ES  1ES  1ES  1F2  1F2  1F2  1F2  1F2 MODE
       36.8 28.6 30.2 36.8 11.9 11.9 11.9 36.8 36.8 36.8 36.8 36.8 TANGLE
        3.9  3.5  3.6  3.9  3.1  3.1  3.1  3.9  3.9  3.9  3.9  3.9 DELAY
        365  266  284  365  110  110  110  365  365  365  365  365 V HITE
       0.50 1.00 0.92 0.14 0.28 0.16 0.08 0.00 0.00 0.00 0.00 0.00 MUFday
        111  110  106  120  130  141  164  204  205  206  207  208 LOSS
         29   23   32   22   14    4  -17  -55  -56  -56  -56  -56 DBU
        -90  -88  -85  -98 -110 -121 -144 -183 -185 -186 -187 -188 S DBW
       -148 -136 -145 -150 -155 -158 -161 -163 -165 -166 -168 -169 N DBW
         57   48   59   52   45   37   17  -20  -20  -20  -19  -19 SNR
          2    6   -4    9   16   33   55   76   76   75   75   75 RPWRG
       0.86 0.68 0.97 0.71 0.50 0.34 0.08 0.00 0.00 0.00 0.00 0.00 REL
       0.00 0.00 0.00 0.60 0.00 0.00 0.00 0.00 0.00 0.00 0.00 0.00 MPROB
       0.44 0.30 0.60 0.30 0.25 0.15 0.06 0.00 0.00 0.00 0.00 0.00 S PRB
       12.1  0.7  5.1 13.2 13.7 22.5 24.9  5.4  4.8  4.8  4.8  4.8 SIG LW
        9.8 10.5  6.3 14.3 17.4 25.0 25.0 16.8  5.5  5.5  5.5  5.5 SIG UP
       14.7  8.6  9.8 15.8 16.3 24.3 26.7 11.0 10.7 10.8 10.8 10.8 SNR LW
       11.1 12.1  8.3 15.1 18.0 25.5 25.6 17.8  8.0  8.0  8.0  8.0 SNR UP
        2.2  2.2  2.2  2.2  2.2  2.2  2.2  2.2  2.2  2.2  2.2  2.2 TGAIN
        2.2  2.2  2.2  2.2  2.2  2.2  2.2  2.2  2.2  2.2  2.2  2.2 RGAIN
         43   39   49   36   29   12  -10  -31  -31  -30  -30  -30 SNRxx
     CCIR Coefficients         METHOD 22   VOACAP 10.0123W  PAGE   3
 
  Feb    2011          SSN =  22.                Minimum Angle= 6.000 degrees
  Transmitter         Receiver              AZIMUTHS          N. MI.      KM
  41.80 N   87.70 W - 38.41 N   78.29 W    112.13  298.20     477.3    883.8
  XMTR  2-30 +  2.2 dBi[default\Isotrope     ] Az=  0.0 OFFaz=112.1   0.100kW
  RCVR  2-30 +  2.2 dBi[default\Isotrope     ] Az=  0.0 OFFaz=298.2
  3 MHz NOISE = -145.0 dBW     REQ. REL = 90%    REQ. SNR = 45.0 dB
  MULTIPATH POWER TOLERANCE =  3.0 dB   MULTIPATH DELAY TOLERANCE =  0.100 ms
 
   5.0  5.1  2.0  4.0  6.0  8.0 10.0 12.0 14.0 16.0 18.0 20.0 22.0 FREQ
        1F2  1F2  1F2  1F2  1ES  1ES  1ES  1F2  1F2  1F2  1F2  1F2 MODE
       36.6 28.5 30.0 36.6 11.9 11.9 11.9 36.6 36.6 36.6 36.6 36.6 TANGLE
        3.9  3.5  3.6  3.9  3.1  3.1  3.1  3.9  3.9  3.9  3.9  3.9 DELAY
        363  265  282  363  110  110  110  363  363  363  363  363 V HITE
       0.50 1.00 0.92 0.16 0.29 0.16 0.08 0.00 0.00 0.00 0.00 0.00 MUFday
        111  111  106  119  129  141  163  204  205  206  207  208 LOSS
         29   23   32   23   14    4  -17  -56  -56  -56  -56  -56 DBU
        -90  -88  -85  -98 -109 -121 -143 -183 -185 -186 -187 -188 S DBW
       -148 -136 -145 -150 -155 -159 -161 -163 -165 -166 -168 -169 N DBW
         58   48   59   53   46   38   18  -20  -20  -20  -19  -19 SNR
          2    6   -4    8   16   33   54   76   76   76   75   75 RPWRG
       0.86 0.67 0.97 0.73 0.53 0.36 0.09 0.00 0.00 0.00 0.00 0.00 REL
       0.00 0.00 0.00 0.62 0.00 0.00 0.00 0.00 0.00 0.00 0.00 0.00 MPROB
       0.44 0.30 0.60 0.31 0.25 0.16 0.06 0.00 0.00 0.00 0.00 0.00 S PRB
       12.4  0.6  5.1 13.9 14.7 24.6 25.0  5.7  5.0  5.0  5.0  5.0 SIG LW
        9.8 10.7  6.3 14.0 16.9 25.0 25.0 17.4  5.4  5.4  5.4  5.4 SIG UP
       15.0  8.6  9.8 16.3 17.3 26.3 26.7 11.2 10.9 10.9 10.9 10.9 SNR LW
       11.0 12.2  8.2 14.8 17.6 25.6 25.6 18.4  8.0  8.0  8.0  8.0 SNR UP
        2.2  2.2  2.2  2.2  2.2  2.2  2.2  2.2  2.2  2.2  2.2  2.2 TGAIN
        2.2  2.2  2.2  2.2  2.2  2.2  2.2  2.2  2.2  2.2  2.2  2.2 RGAIN
         43   39   49   37   29   12   -9  -31  -31  -31  -30  -30 SNRxx
 
   6.0  5.2  2.0  4.0  6.0  8.0 10.0 12.0 14.0 16.0 18.0 20.0 22.0 FREQ
        1F2  1F2  1F2  1F2  1ES  1ES  1ES  1F2  1F2  1F2  1F2  1F2 MODE
       36.2 28.1 29.4 36.2 11.9 11.9 11.9 36.2 36.2 36.2 36.2 36.2 TANGLE
        3.9  3.5  3.5  3.9  3.1  3.1  3.1  3.9  3.9  3.9  3.9  3.9 DELAY
        357  262  275  357  110  110  110  357  357  357  357  357 V HITE
       0.50 1.00 0.95 0.21 0.29 0.16 0.07 0.00 0.00 0.00 0.00 0.00 MUFday
        111  110  106  117  129  141  166  205  206  207  208  209 LOSS
         29   23   32   24   14    4  -19  -57  -57  -57  -57  -57 DBU
        -90  -88  -85  -96 -109 -121 -146 -185 -186 -187 -188 -189 S DBW
       -149 -136 -145 -151 -155 -159 -161 -163 -165 -166 -168 -169 N DBW
         58   48   59   55   46   37   16  -21  -21  -21  -20  -20 SNR
          3    6   -4    9   18   34   56   78   77   77   76   76 RPWRG
       0.85 0.68 0.96 0.75 0.53 0.35 0.07 0.00 0.00 0.00 0.00 0.00 REL
       0.00 0.00 0.00 0.00 0.00 0.00 0.00 0.00 0.00 0.00 0.00 0.00 MPROB
       0.44 0.31 0.59 0.33 0.25 0.16 0.05 0.00 0.00 0.00 0.00 0.00 S PRB
       13.6  0.3  5.7 15.8 17.4 25.0 24.9  6.1  5.9  5.9  5.9  5.9 SIG LW
        9.9 10.6  6.4 13.4 17.1 25.0 25.0 11.9  5.5  5.5  5.5  5.5 SIG UP
       16.0  8.6 10.1 18.1 19.6 26.7 26.7 11.4 11.3 11.3 11.3 11.3 SNR LW
       11.0 12.1  8.1 14.2 17.8 25.6 25.6 13.3  8.0  8.1  8.1  8.1 SNR UP
        2.2  2.2  2.2  2.2  2.2  2.2  2.2  2.2  2.2  2.2  2.2  2.2 TGAIN
        2.2  2.2  2.2  2.2  2.2  2.2  2.2  2.2  2.2  2.2  2.2  2.2 RGAIN
         42   39   49   36   27   11  -11  -33  -32  -32  -31  -31 SNRxx
     CCIR Coefficients         METHOD 22   VOACAP 10.0123W  PAGE   4
 
  Feb    2011          SSN =  22.                Minimum Angle= 6.000 degrees
  Transmitter         Receiver              AZIMUTHS          N. MI.      KM
  41.80 N   87.70 W - 38.41 N   78.29 W    112.13  298.20     477.3    883.8
  XMTR  2-30 +  2.2 dBi[default\Isotrope     ] Az=  0.0 OFFaz=112.1   0.100kW
  RCVR  2-30 +  2.2 dBi[default\Isotrope     ] Az=  0.0 OFFaz=298.2
  3 MHz NOISE = -145.0 dBW     REQ. REL = 90%    REQ. SNR = 45.0 dB
  MULTIPATH POWER TOLERANCE =  3.0 dB   MULTIPATH DELAY TOLERANCE =  0.100 ms
 
   7.0  5.4  2.0  4.0  6.0  8.0 10.0 12.0 14.0 16.0 18.0 20.0 22.0 FREQ
        1F2  1F2  1F2  1F2  1ES  1ES  1ES  1F2  1F2  1F2  1F2  1F2 MODE
       35.9 27.8 28.8 35.9 11.9 11.9 11.9 35.9 35.9 35.9 35.9 35.9 TANGLE
        3.8  3.5  3.5  3.8  3.1  3.1  3.1  3.8  3.8  3.8  3.8  3.8 DELAY
        353  258  269  353  110  110  110  353  353  353  353  353 V HITE
       0.50 1.00 0.96 0.28 0.28 0.15 0.06 0.00 0.00 0.00 0.00 0.00 MUFday
        111  110  106  115  130  143  171  205  207  207  208  209 LOSS
         29   23   32   26   13    2  -25  -58  -57  -57  -57  -57 DBU
        -91  -88  -85  -95 -110 -123 -151 -185 -187 -187 -188 -189 S DBW
       -149 -136 -145 -151 -156 -159 -161 -163 -165 -166 -168 -169 N DBW
         59   48   60   56   46   36   10  -22  -21  -21  -21  -20 SNR
          3    5   -4    8   21   36   61   79   78   78   77   77 RPWRG
       0.85 0.70 0.96 0.77 0.52 0.32 0.04 0.00 0.00 0.00 0.00 0.00 REL
       0.00 0.00 0.00 0.00 0.00 0.00 0.00 0.00 0.00 0.00 0.00 0.00 MPROB
       0.43 0.32 0.59 0.36 0.24 0.15 0.04 0.00 0.00 0.00 0.00 0.00 S PRB
       14.7  1.3  6.4 17.1 20.2 25.0 24.9  6.8  6.8  6.8  6.8  6.8 SIG LW
       10.3 10.6  6.9 12.9 18.5 25.0 25.0  6.2  5.8  5.8  5.8  5.8 SIG UP
       17.1  8.6 10.5 19.2 22.2 26.8 26.7 11.8 11.8 11.8 11.8 11.8 SNR LW
       11.3 12.1  8.5 13.7 19.2 25.6 25.7  8.5  8.3  8.3  8.3  8.3 SNR UP
        2.2  2.2  2.2  2.2  2.2  2.2  2.2  2.2  2.2  2.2  2.2  2.2 TGAIN
        2.2  2.2  2.2  2.2  2.2  2.2  2.2  2.2  2.2  2.2  2.2  2.2 RGAIN
         42   40   49   37   24    9  -16  -34  -33  -33  -32  -32 SNRxx
 
   8.0  5.5  2.0  4.0  6.0  8.0 10.0 12.0 14.0 16.0 18.0 20.0 22.0 FREQ
        1F2  1F2  1F2  1F2  1ES  1ES  1ES  1F2  1F2  1F2  1F2  1F2 MODE
       36.0 27.9 28.8 36.0 11.9 11.9 11.9 36.0 36.0 36.0 36.0 36.0 TANGLE
        3.8  3.5  3.5  3.8  3.1  3.1  3.1  3.8  3.8  3.8  3.8  3.8 DELAY
        355  259  269  355  110  110  110  355  355  355  355  355 V HITE
       0.50 1.00 0.95 0.29 0.25 0.13 0.05 0.00 0.00 0.00 0.00 0.00 MUFday
        111  109  106  115  131  147  180  205  206  207  208  209 LOSS
         29   24   32   26   12   -2  -33  -57  -57  -57  -57  -57 DBU
        -91  -87  -85  -95 -111 -127 -160 -185 -186 -187 -188 -189 S DBW
       -150 -137 -145 -151 -156 -159 -161 -163 -165 -166 -168 -169 N DBW
         59   50   60   56   44   32    2  -22  -21  -21  -20  -20 SNR
          6    5   -3   11   24   40   69   79   79   78   78   77 RPWRG
       0.81 0.74 0.95 0.74 0.48 0.26 0.02 0.00 0.00 0.00 0.00 0.00 REL
       0.00 0.00 0.00 0.00 0.00 0.00 0.00 0.00 0.00 0.00 0.00 0.00 MPROB
       0.39 0.35 0.57 0.33 0.22 0.13 0.02 0.00 0.00 0.00 0.00 0.00 S PRB
       18.5  2.5  7.7 20.6 21.9 25.0 24.3  7.7  7.7  7.7  7.7  7.7 SIG LW
       10.1 10.2  6.9 12.5 19.8 25.0 25.0  5.9  5.9  5.9  5.9  5.9 SIG UP
       20.4  9.1 11.5 22.5 23.8 26.8 26.1 12.3 12.3 12.3 12.3 12.3 SNR LW
       11.2 11.9  8.6 13.4 20.4 25.6 25.6  8.3  8.3  8.3  8.3  8.3 SNR UP
        2.2  2.2  2.2  2.2  2.2  2.2  2.2  2.2  2.2  2.2  2.2  2.2 TGAIN
        2.2  2.2  2.2  2.2  2.2  2.2  2.2  2.2  2.2  2.2  2.2  2.2 RGAIN
         39   40   48   34   21    5  -24  -34  -34  -33  -33  -32 SNRxx
     CCIR Coefficients         METHOD 22   VOACAP 10.0123W  PAGE   5
 
  Feb    2011          SSN =  22.                Minimum Angle= 6.000 degrees
  Transmitter         Receiver              AZIMUTHS          N. MI.      KM
  41.80 N   87.70 W - 38.41 N   78.29 W    112.13  298.20     477.3    883.8
  XMTR  2-30 +  2.2 dBi[default\Isotrope     ] Az=  0.0 OFFaz=112.1   0.100kW
  RCVR  2-30 +  2.2 dBi[default\Isotrope     ] Az=  0.0 OFFaz=298.2
  3 MHz NOISE = -145.0 dBW     REQ. REL = 90%    REQ. SNR = 45.0 dB
  MULTIPATH POWER TOLERANCE =  3.0 dB   MULTIPATH DELAY TOLERANCE =  0.100 ms
 
   9.0  5.3  2.0  4.0  6.0  8.0 10.0 12.0 14.0 16.0 18.0 20.0 22.0 FREQ
        1F2  1F2  1F2  1F2  1ES  1ES  1ES  1F2  1F2  1F2  1F2  1F2 MODE
       36.4 28.6 29.4 36.4 11.9 11.9 11.9 36.4 36.4 36.4 36.4 36.4 TANGLE
        3.9  3.5  3.5  3.9  3.1  3.1  3.1  3.9  3.9  3.9  3.9  3.9 DELAY
        360  267  276  360  110  110  110  360  360  360  360  360 V HITE
       0.50 1.00 0.93 0.19 0.23 0.11 0.04 0.00 0.00 0.00 0.00 0.00 MUFday
        111  107  105  118  133  151  189  205  206  207  208  208 LOSS
         29   25   32   23   10   -6  -42  -57  -57  -57  -57  -56 DBU
        -90  -86  -85  -97 -113 -131 -169 -185 -186 -187 -188 -188 S DBW
       -149 -137 -145 -151 -156 -159 -161 -163 -165 -166 -168 -169 N DBW
         59   51   60   54   42   28   -8  -21  -21  -20  -20  -19 SNR
          8    4   -3   14   28   44   76   79   79   78   78   77 RPWRG
       0.79 0.79 0.94 0.69 0.44 0.20 0.00 0.00 0.00 0.00 0.00 0.00 REL
       0.00 0.00 0.00 0.00 0.00 0.00 0.00 0.00 0.00 0.00 0.00 0.00 MPROB
       0.38 0.39 0.55 0.29 0.20 0.10 0.01 0.00 0.00 0.00 0.00 0.00 S PRB
       19.2  4.0  9.1 21.0 23.2 25.0 21.0  8.6  8.6  8.6  8.6  8.6 SIG LW
       10.2  9.5  6.8 14.3 21.7 25.0 24.8  6.0  6.0  6.0  6.0  6.0 SIG UP
       21.1  9.9 12.5 22.8 24.9 26.7 23.1 12.9 12.9 12.9 12.9 12.9 SNR LW
       11.4 11.6  8.8 15.1 22.3 25.6 25.5  8.4  8.4  8.4  8.4  8.4 SNR UP
        2.2  2.2  2.2  2.2  2.2  2.2  2.2  2.2  2.2  2.2  2.2  2.2 TGAIN
        2.2  2.2  2.2  2.2  2.2  2.2  2.2  2.2  2.2  2.2  2.2  2.2 RGAIN
         37   41   48   31   17    1  -31  -34  -34  -33  -33  -32 SNRxx
 
  10.0  4.8  2.0  4.0  6.0  8.0 10.0 12.0 14.0 16.0 18.0 20.0 22.0 FREQ
        1F2  1F2  1F2  1ES  1ES  1ES  1ES  1F2  1F2  1F2  1F2  1F2 MODE
       36.6 29.8 30.3 11.9 11.9 11.9 11.9 36.6 36.6 36.6 36.6 36.6 TANGLE
        3.9  3.5  3.6  3.1  3.1  3.1  3.1  3.9  3.9  3.9  3.9  3.9 DELAY
        363  280  286  110  110  110  110  363  363  363  363  363 V HITE
       0.50 1.00 0.85 0.36 0.21 0.10 0.04 0.00 0.00 0.00 0.00 0.00 MUFday
        110  106  105  125  135  155  198  204  205  206  207  208 LOSS
         29   29   32   18    8  -10  -50  -56  -56  -56  -56  -56 DBU
        -90  -82  -85 -103 -115 -135 -177 -184 -185 -186 -187 -188 S DBW
       -148 -138 -146 -151 -155 -159 -161 -163 -165 -166 -168 -169 N DBW
         58   56   60   48   40   24  -15  -21  -20  -20  -20  -19 SNR
          8    1   -1   17   30   47   78   79   79   78   78   77 RPWRG
       0.78 0.87 0.92 0.59 0.40 0.15 0.00 0.00 0.00 0.00 0.00 0.00 REL
       0.00 0.68 0.00 0.50 0.00 0.00 0.00 0.00 0.00 0.00 0.00 0.00 MPROB
       0.37 0.42 0.52 0.25 0.18 0.08 0.01 0.00 0.00 0.00 0.00 0.00 S PRB
       19.4  7.4 11.0 18.3 23.9 25.0 15.2  9.0  9.0  9.0  9.0  9.0 SIG LW
       10.1  8.5  6.9 16.9 23.3 25.0 23.9  5.9  5.9  5.9  5.9  5.9 SIG UP
       21.3 12.0 14.0 20.3 25.6 26.7 18.0 13.2 13.2 13.2 13.2 13.2 SNR LW
       11.5 11.3  9.1 17.6 23.8 25.6 24.6  8.3  8.3  8.3  8.3  8.3 SNR UP
        2.2  2.2  2.2  2.2  2.2  2.2  2.2  2.2  2.2  2.2  2.2  2.2 TGAIN
        2.2  2.2  2.2  2.2  2.2  2.2  2.2  2.2  2.2  2.2  2.2  2.2 RGAIN
         37   44   46   28   15   -2  -33  -34  -34  -33  -33  -32 SNRxx
     CCIR Coefficients         METHOD 22   VOACAP 10.0123W  PAGE   6
 
  Feb    2011          SSN =  22.                Minimum Angle= 6.000 degrees
  Transmitter         Receiver              AZIMUTHS          N. MI.      KM
  41.80 N   87.70 W - 38.41 N   78.29 W    112.13  298.20     477.3    883.8
  XMTR  2-30 +  2.2 dBi[default\Isotrope     ] Az=  0.0 OFFaz=112.1   0.100kW
  RCVR  2-30 +  2.2 dBi[default\Isotrope     ] Az=  0.0 OFFaz=298.2
  3 MHz NOISE = -145.0 dBW     REQ. REL = 90%    REQ. SNR = 45.0 dB
  MULTIPATH POWER TOLERANCE =  3.0 dB   MULTIPATH DELAY TOLERANCE =  0.100 ms
 
  11.0  4.9  2.0  4.0  6.0  8.0 10.0 12.0 14.0 16.0 18.0 20.0 22.0 FREQ
        1F2  1 E  1F2  1F2  1ES  1ES  1F2  1F2  1F2  1F2  1F2  1F2 MODE
       36.1 10.5 29.8 36.1 11.9 11.9 36.1 36.1 36.1 36.1 36.1 36.1 TANGLE
        3.9  3.0  3.5  3.9  3.1  3.1  3.9  3.9  3.9  3.9  3.9  3.9 DELAY
        357   99  280  357  110  110  357  357  357  357  357  357 V HITE
       0.50 1.00 0.87 0.07 0.20 0.09 0.00 0.00 0.00 0.00 0.00 0.00 MUFday
        110  105  105  125  136  157  204  205  206  207  208  209 LOSS
         29   29   32   19    7  -12  -55  -57  -57  -57  -57  -57 DBU
        -90  -82  -85 -102 -116 -137 -181 -185 -186 -187 -188 -189 S DBW
       -148 -139 -146 -151 -155 -159 -161 -163 -165 -166 -168 -169 N DBW
         58   57   61   49   40   22  -20  -22  -21  -21  -20  -20 SNR
          9    1   -2   17   32   50   80   80   80   79   79   78 RPWRG
       0.78 0.89 0.92 0.60 0.39 0.12 0.00 0.00 0.00 0.00 0.00 0.00 REL
       0.00 0.81 0.00 0.52 0.00 0.00 0.00 0.00 0.00 0.00 0.00 0.00 MPROB
       0.37 0.43 0.53 0.24 0.17 0.07 0.00 0.00 0.00 0.00 0.00 0.00 S PRB
       19.8  7.1 10.8 19.3 24.8 25.0 12.0  9.1  9.1  9.1  9.1  9.1 SIG LW
       10.1  7.5  6.8 16.8 24.1 25.0 22.0  5.9  5.9  5.9  5.9  5.9 SIG UP
       21.6 12.1 14.0 21.2 26.4 26.7 15.3 13.3 13.3 13.3 13.3 13.3 SNR LW
       11.7 10.6  9.4 17.7 24.6 25.6 22.7  8.3  8.3  8.3  8.3  8.3 SNR UP
        2.2  2.2  2.2  2.2  2.2  2.2  2.2  2.2  2.2  2.2  2.2  2.2 TGAIN
        2.2  2.2  2.2  2.2  2.2  2.2  2.2  2.2  2.2  2.2  2.2  2.2 RGAIN
         36   44   47   28   13   -5  -35  -35  -35  -34  -34  -33 SNRxx
 
  12.0  6.0  2.0  4.0  6.0  8.0 10.0 12.0 14.0 16.0 18.0 20.0 22.0 FREQ
        1F2  1 E  1F2  1F2  1ES  1ES  1F2  1F2  1F2  1F2  1F2  1F2 MODE
       33.9 10.0 28.1 32.8 11.9 11.9 35.0 35.0 35.0 35.0 35.0 35.0 TANGLE
        3.7  3.0  3.5  3.7  3.1  3.1  3.8  3.8  3.8  3.8  3.8  3.8 DELAY
        328   94  262  314  110  110  342  342  342  342  342  342 V HITE
       0.50 1.00 1.00 0.52 0.20 0.09 0.00 0.00 0.00 0.00 0.00 0.00 MUFday
        111  106  106  110  136  157  206  207  208  209  210  211 LOSS
         33   26   34   32    7  -12  -58  -59  -59  -59  -59  -59 DBU
        -88  -85  -84  -88 -116 -137 -184 -187 -188 -189 -190 -191 S DBW
       -152 -139 -148 -152 -156 -159 -161 -163 -165 -166 -168 -169 N DBW
         64   55   64   64   40   21  -23  -24  -23  -23  -22  -22 SNR
          4    4   -5    3   32   50   83   82   82   81   81   80 RPWRG
       0.86 0.82 0.96 0.86 0.40 0.12 0.00 0.00 0.00 0.00 0.00 0.00 REL
       0.00 0.00 0.85 0.00 0.00 0.00 0.00 0.00 0.00 0.00 0.00 0.00 MPROB
       0.41 0.41 0.58 0.45 0.18 0.07 0.00 0.00 0.00 0.00 0.00 0.00 S PRB
       21.3  9.0  9.9 19.9 25.0 25.0 10.9  9.2  9.2  9.2  9.2  9.2 SIG LW
        9.4  6.2  7.3  9.2 23.4 25.0 20.4  5.9  5.9  5.9  5.9  5.9 SIG UP
       23.2 13.1 13.7 22.0 26.7 26.7 14.5 13.3 13.3 13.3 13.3 13.3 SNR LW
       10.8  8.5  9.2 10.6 24.0 25.6 21.1  8.3  8.3  8.3  8.3  8.3 SNR UP
        2.2  2.2  2.2  2.2  2.2  2.2  2.2  2.2  2.2  2.2  2.2  2.2 TGAIN
        2.2  2.2  2.2  2.2  2.2  2.2  2.2  2.2  2.2  2.2  2.2  2.2 RGAIN
         41   41   50   42   13   -5  -38  -37  -37  -36  -36  -35 SNRxx
     CCIR Coefficients         METHOD 22   VOACAP 10.0123W  PAGE   7
 
  Feb    2011          SSN =  22.                Minimum Angle= 6.000 degrees
  Transmitter         Receiver              AZIMUTHS          N. MI.      KM
  41.80 N   87.70 W - 38.41 N   78.29 W    112.13  298.20     477.3    883.8
  XMTR  2-30 +  2.2 dBi[default\Isotrope     ] Az=  0.0 OFFaz=112.1   0.100kW
  RCVR  2-30 +  2.2 dBi[default\Isotrope     ] Az=  0.0 OFFaz=298.2
  3 MHz NOISE = -145.0 dBW     REQ. REL = 90%    REQ. SNR = 45.0 dB
  MULTIPATH POWER TOLERANCE =  3.0 dB   MULTIPATH DELAY TOLERANCE =  0.100 ms
 
  13.0  7.9  2.0  4.0  6.0  8.0 10.0 12.0 14.0 16.0 18.0 20.0 22.0 FREQ
        1F2  1 E  1F2  1F2  1F2  1F2  1F2  1F2  1F2  1F2  1F2  1F2 MODE
       33.5  9.5 29.2 26.4 33.5 33.5 33.5 33.5 33.5 33.5 33.5 33.5 TANGLE
        3.7  3.0  3.5  3.4  3.7  3.7  3.7  3.7  3.7  3.7  3.7  3.7 DELAY
        323   90  273  243  323  323  323  323  323  323  323  323 V HITE
       0.50 1.00 1.00 0.98 0.47 0.01 0.00 0.00 0.00 0.00 0.00 0.00 MUFday
        115  115  111  110  116  150  210  212  212  213  214  215 LOSS
         28   17   30   31   27   -4  -63  -64  -63  -63  -63  -63 DBU
        -95  -94  -87  -89  -96 -129 -189 -192 -192 -193 -194 -195 S DBW
       -156 -140 -148 -153 -156 -159 -161 -163 -165 -166 -168 -169 N DBW
         61   46   61   64   60   30  -28  -28  -27  -27  -26  -26 SNR
         10   13   -2   -5   11   42   88   87   86   86   85   85 RPWRG
       0.78 0.54 0.94 0.96 0.77 0.22 0.00 0.00 0.00 0.00 0.00 0.00 REL
       0.00 0.00 0.86 0.00 0.00 0.00 0.00 0.00 0.00 0.00 0.00 0.00 MPROB
       0.38 0.26 0.50 0.58 0.37 0.11 0.00 0.00 0.00 0.00 0.00 0.00 S PRB
       24.2  9.8  9.4 10.0 24.9 25.0 11.0  9.8  9.8  9.8  9.8  9.8 SIG LW
       11.1  6.7  7.7  8.1 11.4 25.0 25.0  6.7  6.7  6.7  6.7  6.7 SIG UP
       26.0 13.8 13.5 13.8 26.6 26.7 14.6 13.7 13.8 13.8 13.8 13.8 SNR LW
       12.4  8.9  9.7  9.9 12.7 25.6 25.6  8.8  8.9  8.9  8.9  8.9 SNR UP
        2.2  2.2  2.2  2.2  2.2  2.2  2.2  2.2  2.2  2.2  2.2  2.2 TGAIN
        2.2  2.2  2.2  2.2  2.2  2.2  2.2  2.2  2.2  2.2  2.2  2.2 RGAIN
         35   32   47   50   34    3  -43  -42  -41  -41  -40  -40 SNRxx
 
  14.0  9.5  2.0  4.0  6.0  8.0 10.0 12.0 14.0 16.0 18.0 20.0 22.0 FREQ
        1F2  1 E  1 E  1F2  1F2  1F2  1F2  1F2  1F2  1F2  1F2  1F2 MODE
       30.5  9.2 10.1 26.1 25.5 32.5 32.5 32.5 32.5 32.5 32.5 32.5 TANGLE
        3.6  3.0  3.0  3.4  3.4  3.7  3.7  3.7  3.7  3.7  3.7  3.7 DELAY
        288   88   96  240  235  311  311  311  311  311  311  311 V HITE
       0.50 1.00 1.00 1.00 0.92 0.32 0.01 0.00 0.00 0.00 0.00 0.00 MUFday
        121  135  124  118  117  126  157  208  220  221  222  222 LOSS
         26   -4   15   25   26   19  -11  -60  -71  -71  -71  -70 DBU
        -99 -115 -102  -96  -97 -106 -137 -188 -200 -201 -202 -202 S DBW
       -158 -140 -148 -153 -156 -159 -161 -163 -165 -166 -168 -169 N DBW
         60   26   47   57   59   53   24  -25  -35  -34  -34  -33 SNR
          4   30    9   -2   -3   18   48   85   91   90   90   89 RPWRG
       0.84 0.00 0.59 0.93 0.95 0.65 0.14 0.00 0.00 0.00 0.00 0.00 REL
       0.00 0.00 0.00 0.00 0.00 0.00 0.00 0.00 0.00 0.00 0.00 0.00 MPROB
       0.41 0.04 0.26 0.50 0.57 0.29 0.07 0.00 0.00 0.00 0.00 0.00 S PRB
       16.7  4.6  5.6  4.7  5.5 23.5 25.0 12.4  4.6  4.6  4.6  4.6 SIG LW
        6.1  2.8  3.0  3.8  3.8  9.4 24.6 25.0  2.8  2.8  2.8  2.8 SIG UP
       19.2 10.7 11.2 10.7 11.0 25.4 26.7 15.7 10.6 10.7 10.7 10.7 SNR LW
        8.3  6.6  6.7  7.0  6.9 11.0 25.2 25.6  6.4  6.5  6.5  6.6 SNR UP
        2.2  2.2  2.2  2.2  2.2  2.2  2.2  2.2  2.2  2.2  2.2  2.2 TGAIN
        2.2  2.2  2.2  2.2  2.2  2.2  2.2  2.2  2.2  2.2  2.2  2.2 RGAIN
         41   15   36   47   48   27   -3  -40  -46  -45  -45  -44 SNRxx
     CCIR Coefficients         METHOD 22   VOACAP 10.0123W  PAGE   8
 
  Feb    2011          SSN =  22.                Minimum Angle= 6.000 degrees
  Transmitter         Receiver              AZIMUTHS          N. MI.      KM
  41.80 N   87.70 W - 38.41 N   78.29 W    112.13  298.20     477.3    883.8
  XMTR  2-30 +  2.2 dBi[default\Isotrope     ] Az=  0.0 OFFaz=112.1   0.100kW
  RCVR  2-30 +  2.2 dBi[default\Isotrope     ] Az=  0.0 OFFaz=298.2
  3 MHz NOISE = -145.0 dBW     REQ. REL = 90%    REQ. SNR = 45.0 dB
  MULTIPATH POWER TOLERANCE =  3.0 dB   MULTIPATH DELAY TOLERANCE =  0.100 ms
 
  15.0 10.7  2.0  4.0  6.0  8.0 10.0 12.0 14.0 16.0 18.0 20.0 22.0 FREQ
        1F2  1 E  1ES  1F1  1 E  1F2  1F2  1F2  1F2  1F2  1F2  1F2 MODE
       29.2  8.9 11.9 27.0 11.3 25.1 30.9 30.9 30.9 30.9 30.9 30.9 TANGLE
        3.5  3.0  3.1  3.4  3.1  3.4  3.6  3.6  3.6  3.6  3.6  3.6 DELAY
        273   86  110  250  105  230  293  293  293  293  293  293 V HITE
       0.50 1.00 0.92 0.99 0.88 0.72 0.12 0.00 0.00 0.00 0.00 0.00 MUFday
        126  156  139  126  128  123  139  174  223  229  229  230 LOSS
         22  -25    1   17   18   22    7  -26  -74  -78  -78  -78 DBU
       -104 -136 -116 -104 -105 -103 -119 -154 -203 -209 -209 -210 S DBW
       -160 -140 -148 -153 -157 -159 -161 -163 -165 -166 -168 -169 N DBW
         56    4   33   49   51   56   42    9  -38  -42  -42  -41 SNR
          8   52   24    7    7    1   30   63   95   98   97   96 RPWRG
       0.77 0.00 0.03 0.69 0.72 0.88 0.40 0.04 0.00 0.00 0.00 0.00 REL
       0.00 0.00 0.00 0.00 0.55 0.00 0.00 0.00 0.00 0.00 0.00 0.00 MPROB
       0.34 0.00 0.08 0.31 0.33 0.47 0.18 0.03 0.00 0.00 0.00 0.00 S PRB
       16.7  4.0  6.0  5.7  9.2  7.9 25.0 25.0  7.4  4.0  4.0  4.0 SIG LW
        8.6  5.3  5.6  6.8  9.0  7.0 16.9 25.0 25.0  5.3  5.3  5.3 SIG UP
       19.2 10.5 11.4 11.3 13.3 12.4 26.7 26.7 12.1 10.4 10.5 10.5 SNR LW
       10.3  8.0  8.2  9.1 10.8  9.1 17.8 25.6 25.6  7.9  7.9  7.9 SNR UP
        2.2  2.2  2.2  2.2  2.2  2.2  2.2  2.2  2.2  2.2  2.2  2.2 TGAIN
        2.2  2.2  2.2  2.2  2.2  2.2  2.2  2.2  2.2  2.2  2.2  2.2 RGAIN
         37   -7   21   38   38   44   15  -18  -50  -53  -52  -51 SNRxx
 
  16.0 11.1  2.0  4.0  6.0  8.0 10.0 12.0 14.0 16.0 18.0 20.0 22.0 FREQ
        1F2  1 E  1ES  1 E  1F1  1F2  1F2  1F2  1F2  1F2  1F2  1F2 MODE
       29.6  8.7 11.9 10.3 24.9 25.1 31.5 31.5 31.5 31.5 31.5 31.5 TANGLE
        3.5  3.0  3.1  3.0  3.4  3.4  3.6  3.6  3.6  3.6  3.6  3.6 DELAY
        278   84  110   97  228  230  299  299  299  299  299  299 V HITE
       0.50 1.00 0.96 1.00 0.58 0.83 0.17 0.00 0.00 0.00 0.00 0.00 MUFday
        126  170  146  135  129  123  137  174  226  227  227  228 LOSS
         23  -39   -8    7   17   22   10  -26  -77  -76  -76  -76 DBU
       -103 -150 -125 -113 -106 -103 -117 -154 -206 -206 -207 -208 S DBW
       -160 -140 -148 -153 -157 -159 -161 -163 -164 -166 -168 -169 N DBW
         57  -10   24   40   50   56   44    8  -42  -40  -39  -39 SNR
          6   65   32   16    7    0   27   63   96   95   95   94 RPWRG
       0.80 0.00 0.00 0.23 0.72 0.91 0.48 0.03 0.00 0.00 0.00 0.00 REL
       0.00 0.00 0.00 0.00 0.58 0.00 0.00 0.00 0.00 0.00 0.00 0.00 MPROB
       0.36 0.00 0.03 0.16 0.31 0.50 0.20 0.03 0.00 0.00 0.00 0.00 S PRB
       15.2  3.2  4.6  4.1  7.0  5.1 25.0 25.0  3.2  3.2  3.2  3.2 SIG LW
        8.6  5.6  5.6  6.0  9.1  7.5 15.6 25.0 24.9  5.6  5.6  5.6 SIG UP
       17.9 10.2 10.7 10.5 11.9 10.8 26.7 26.7 10.0 10.1 10.1 10.2 SNR LW
       10.3  8.2  8.2  8.5 10.8  9.4 16.5 25.6 25.5  8.0  8.1  8.1 SNR UP
        2.2  2.2  2.2  2.2  2.2  2.2  2.2  2.2  2.2  2.2  2.2  2.2 TGAIN
        2.2  2.2  2.2  2.2  2.2  2.2  2.2  2.2  2.2  2.2  2.2  2.2 RGAIN
         39  -20   13   29   38   45   18  -18  -51  -50  -50  -49 SNRxx
     CCIR Coefficients         METHOD 22   VOACAP 10.0123W  PAGE   9
 
  Feb    2011          SSN =  22.                Minimum Angle= 6.000 degrees
  Transmitter         Receiver              AZIMUTHS          N. MI.      KM
  41.80 N   87.70 W - 38.41 N   78.29 W    112.13  298.20     477.3    883.8
  XMTR  2-30 +  2.2 dBi[default\Isotrope     ] Az=  0.0 OFFaz=112.1   0.100kW
  RCVR  2-30 +  2.2 dBi[default\Isotrope     ] Az=  0.0 OFFaz=298.2
  3 MHz NOISE = -145.0 dBW     REQ. REL = 90%    REQ. SNR = 45.0 dB
  MULTIPATH POWER TOLERANCE =  3.0 dB   MULTIPATH DELAY TOLERANCE =  0.100 ms
 
  17.0 11.2  2.0  4.0  6.0  8.0 10.0 12.0 14.0 16.0 18.0 20.0 22.0 FREQ
        1F2  1 E  1ES  1 E  1F1  1F2  1F2  1F2  1F2  1F2  1F2  1F2 MODE
       29.8  8.6 11.9 10.3 26.0 25.7 32.4 32.4 32.4 32.4 32.4 32.4 TANGLE
        3.5  3.0  3.1  3.0  3.4  3.4  3.7  3.7  3.7  3.7  3.7  3.7 DELAY
        281   83  110   97  239  236  310  310  310  310  310  310 V HITE
       0.50 1.00 0.98 1.00 0.50 0.86 0.22 0.00 0.00 0.00 0.00 0.00 MUFday
        126  178  151  139  131  124  135  169  222  225  225  226 LOSS
         22  -47  -13    4   15   22   12  -21  -73  -75  -74  -74 DBU
       -104 -158 -130 -117 -108 -103 -115 -149 -202 -205 -205 -206 S DBW
       -160 -140 -148 -153 -157 -159 -161 -162 -164 -166 -168 -169 N DBW
         56  -18   18   37   48   56   46   13  -38  -39  -38  -37 SNR
          7   74   37   19    9    0   26   58   94   94   93   92 RPWRG
       0.79 0.00 0.00 0.11 0.64 0.89 0.51 0.06 0.00 0.00 0.00 0.00 REL
       0.00 0.00 0.00 0.00 0.46 0.00 0.00 0.00 0.00 0.00 0.00 0.00 MPROB
       0.37 0.00 0.01 0.11 0.26 0.47 0.21 0.04 0.00 0.00 0.00 0.00 S PRB
       14.8  3.6  4.3  4.7  7.5  5.8 25.0 25.0  5.2  3.6  3.6  3.6 SIG LW
        8.8  5.7  5.7  6.1  9.8  7.4 14.1 25.0 24.9  5.7  5.7  5.7 SIG UP
       17.5 10.4 10.6 10.8 12.2 11.1 26.7 26.7 10.7 10.2 10.3 10.3 SNR LW
       10.4  8.3  8.3  8.5 11.4  9.3 15.1 25.5 25.5  8.0  8.2  8.2 SNR UP
        2.2  2.2  2.2  2.2  2.2  2.2  2.2  2.2  2.2  2.2  2.2  2.2 TGAIN
        2.2  2.2  2.2  2.2  2.2  2.2  2.2  2.2  2.2  2.2  2.2  2.2 RGAIN
         38  -29    8   26   36   45   19  -13  -49  -49  -48  -47 SNRxx
 
  18.0 11.4  2.0  4.0  6.0  8.0 10.0 12.0 14.0 16.0 18.0 20.0 22.0 FREQ
        1F2  1 E  1ES  1F1  1F2  1F2  1F2  1F2  1F2  1F2  1F2  1F2 MODE
       33.3  8.6 11.9 30.8 28.2 27.5 33.3 33.3 33.3 33.3 33.3 33.3 TANGLE
        3.7  3.0  3.1  3.6  3.5  3.5  3.7  3.7  3.7  3.7  3.7  3.7 DELAY
        321   83  110  292  262  255  321  321  321  321  321  321 V HITE
       0.50 1.00 0.98 0.96 1.00 0.88 0.27 0.00 0.00 0.00 0.00 0.00 MUFday
        129  178  151  129  126  124  133  164  214  223  223  224 LOSS
         17  -47  -13   13   18   22   13  -16  -65  -72  -72  -72 DBU
       -109 -158 -130 -108 -105 -103 -113 -144 -194 -203 -203 -204 S DBW
       -160 -140 -148 -153 -157 -159 -160 -162 -164 -166 -167 -169 N DBW
         51  -18   18   45   52   55   47   18  -30  -37  -36  -35 SNR
         15   74   37   12    4    1   24   54   89   92   91   90 RPWRG
       0.65 0.00 0.00 0.52 0.79 0.88 0.54 0.08 0.00 0.00 0.00 0.00 REL
       0.00 0.00 0.00 0.00 0.00 0.00 0.00 0.00 0.00 0.00 0.00 0.00 MPROB
       0.29 0.00 0.02 0.25 0.38 0.47 0.23 0.05 0.00 0.00 0.00 0.00 S PRB
       19.2  4.2  5.0  7.8  4.6  6.1 24.8 25.0  9.6  4.2  4.2  4.2 SIG LW
       10.3  5.9  5.9  7.9  7.9  6.9 13.1 25.0 24.9  5.9  5.9  5.9 SIG UP
       21.3 10.6 10.9 12.4 10.7 11.3 26.4 26.6 13.3 10.3 10.5 10.5 SNR LW
       11.6  8.4  8.4  9.9  9.8  8.9 14.2 25.5 25.5  8.0  8.2  8.3 SNR UP
        2.2  2.2  2.2  2.2  2.2  2.2  2.2  2.2  2.2  2.2  2.2  2.2 TGAIN
        2.2  2.2  2.2  2.2  2.2  2.2  2.2  2.2  2.2  2.2  2.2  2.2 RGAIN
         30  -29    8   33   41   44   21   -9  -44  -47  -46  -45 SNRxx
     CCIR Coefficients         METHOD 22   VOACAP 10.0123W  PAGE  10
 
  Feb    2011          SSN =  22.                Minimum Angle= 6.000 degrees
  Transmitter         Receiver              AZIMUTHS          N. MI.      KM
  41.80 N   87.70 W - 38.41 N   78.29 W    112.13  298.20     477.3    883.8
  XMTR  2-30 +  2.2 dBi[default\Isotrope     ] Az=  0.0 OFFaz=112.1   0.100kW
  RCVR  2-30 +  2.2 dBi[default\Isotrope     ] Az=  0.0 OFFaz=298.2
  3 MHz NOISE = -145.0 dBW     REQ. REL = 90%    REQ. SNR = 45.0 dB
  MULTIPATH POWER TOLERANCE =  3.0 dB   MULTIPATH DELAY TOLERANCE =  0.100 ms
 
  19.0 11.4  2.0  4.0  6.0  8.0 10.0 12.0 14.0 16.0 18.0 20.0 22.0 FREQ
        1F2  1 E  1ES  1F1  1F2  1F2  1F2  1F2  1F2  1F2  1F2  1F2 MODE
       33.5  8.7 11.9 30.6 28.2 27.7 33.5 33.5 33.5 33.5 33.5 33.5 TANGLE
        3.7  3.0  3.1  3.6  3.5  3.5  3.7  3.7  3.7  3.7  3.7  3.7 DELAY
        323   84  110  289  262  257  323  323  323  323  323  323 V HITE
       0.50 1.00 0.95 0.93 1.00 0.89 0.27 0.00 0.00 0.00 0.00 0.00 MUFday
        128  170  146  127  125  124  133  164  213  222  223  223 LOSS
         18  -39   -7   14   19   22   14  -16  -64  -72  -71  -71 DBU
       -108 -150 -124 -106 -104 -103 -113 -144 -193 -202 -202 -203 S DBW
       -160 -140 -148 -153 -157 -159 -160 -161 -163 -165 -167 -169 N DBW
         52  -10   25   47   53   55   47   18  -30  -37  -35  -34 SNR
         13   65   31   10    2    0   23   54   87   91   90   89 RPWRG
       0.66 0.00 0.00 0.59 0.84 0.90 0.55 0.09 0.00 0.00 0.00 0.00 REL
       0.00 0.00 0.00 0.00 0.00 0.00 0.00 0.00 0.00 0.00 0.00 0.00 MPROB
       0.30 0.00 0.03 0.28 0.42 0.50 0.23 0.05 0.00 0.00 0.00 0.00 S PRB
       17.8  2.9  5.0  6.6  3.2  4.2 23.3 25.0  8.4  2.9  2.9  2.9 SIG LW
        9.1  5.1  5.5  7.0  6.8  6.0 12.3 25.0 24.9  5.1  5.1  5.1 SIG UP
       20.0 10.1 10.9 11.7 10.1 10.3 25.0 26.6 12.3  9.7  9.9 10.0 SNR LW
       10.5  7.9  8.2  9.2  8.9  8.1 13.3 25.5 25.4  7.3  7.6  7.7 SNR UP
        2.2  2.2  2.2  2.2  2.2  2.2  2.2  2.2  2.2  2.2  2.2  2.2 TGAIN
        2.2  2.2  2.2  2.2  2.2  2.2  2.2  2.2  2.2  2.2  2.2  2.2 RGAIN
         32  -20   14   35   43   45   22   -9  -42  -46  -45  -44 SNRxx
 
  20.0 11.5  2.0  4.0  6.0  8.0 10.0 12.0 14.0 16.0 18.0 20.0 22.0 FREQ
        1F2  1 E  1ES  1F1  1F2  1F2  1F2  1F2  1F2  1F2  1F2  1F2 MODE
       33.2  8.9 11.9 29.0 27.4 27.3 33.2 33.2 33.2 33.2 33.2 33.2 TANGLE
        3.7  3.0  3.1  3.5  3.5  3.4  3.7  3.7  3.7  3.7  3.7  3.7 DELAY
        319   85  110  271  254  253  319  319  319  319  319  319 V HITE
       0.50 1.00 0.91 0.89 1.00 0.93 0.29 0.01 0.00 0.00 0.00 0.00 MUFday
        127  157  139  125  123  122  132  162  211  223  223  224 LOSS
         19  -26    1   17   22   23   15  -14  -62  -72  -72  -72 DBU
       -107 -137 -116 -103 -102 -102 -112 -142 -191 -202 -203 -204 S DBW
       -160 -140 -148 -153 -156 -159 -160 -162 -163 -166 -167 -169 N DBW
         52    3   32   50   55   56   49   20  -27  -37  -36  -35 SNR
         11   53   24    7    1   -1   18   52   87   92   91   90 RPWRG
       0.69 0.00 0.03 0.70 0.88 0.92 0.58 0.10 0.00 0.00 0.00 0.00 REL
       0.00 0.00 0.00 0.00 0.00 0.00 0.00 0.00 0.00 0.00 0.00 0.00 MPROB
       0.32 0.00 0.08 0.31 0.45 0.52 0.25 0.05 0.00 0.00 0.00 0.00 S PRB
       15.7  3.9  6.4  7.3  4.6  4.4 19.8 25.0 11.4  3.9  3.9  3.9 SIG LW
        9.7  5.3  5.7  7.1  6.6  5.8 12.5 25.0 25.0  5.3  5.3  5.3 SIG UP
       18.2 10.5 11.6 12.1 10.6 10.4 21.8 26.6 14.6 10.1 10.3 10.4 SNR LW
       11.0  8.0  8.2  9.3  8.8  7.9 13.5 25.5 25.5  7.5  7.8  7.9 SNR UP
        2.2  2.2  2.2  2.2  2.2  2.2  2.2  2.2  2.2  2.2  2.2  2.2 TGAIN
        2.2  2.2  2.2  2.2  2.2  2.2  2.2  2.2  2.2  2.2  2.2  2.2 RGAIN
         34   -8   21   38   44   46   27   -7  -42  -47  -46  -45 SNRxx
     CCIR Coefficients         METHOD 22   VOACAP 10.0123W  PAGE  11
 
  Feb    2011          SSN =  22.                Minimum Angle= 6.000 degrees
  Transmitter         Receiver              AZIMUTHS          N. MI.      KM
  41.80 N   87.70 W - 38.41 N   78.29 W    112.13  298.20     477.3    883.8
  XMTR  2-30 +  2.2 dBi[default\Isotrope     ] Az=  0.0 OFFaz=112.1   0.100kW
  RCVR  2-30 +  2.2 dBi[default\Isotrope     ] Az=  0.0 OFFaz=298.2
  3 MHz NOISE = -145.0 dBW     REQ. REL = 90%    REQ. SNR = 45.0 dB
  MULTIPATH POWER TOLERANCE =  3.0 dB   MULTIPATH DELAY TOLERANCE =  0.100 ms
 
  21.0 11.3  2.0  4.0  6.0  8.0 10.0 12.0 14.0 16.0 18.0 20.0 22.0 FREQ
        1F2  1 E  1 E  1F2  1F2  1F2  1F2  1F2  1F2  1F2  1F2  1F2 MODE
       31.9  9.1 10.1 27.8 26.3 27.4 33.4 33.4 33.4 33.4 33.4 33.4 TANGLE
        3.6  3.0  3.0  3.5  3.4  3.5  3.7  3.7  3.7  3.7  3.7  3.7 DELAY
        304   88   95  258  243  254  322  322  322  322  322  322 V HITE
       0.50 1.00 1.00 1.00 1.00 0.90 0.22 0.00 0.00 0.00 0.00 0.00 MUFday
        124  141  129  121  120  121  132  166  218  222  222  223 LOSS
         25  -10   11   22   23   24   14  -18  -69  -72  -71  -71 DBU
       -101 -121 -106  -99 -100 -101 -112 -146 -198 -202 -202 -203 S DBW
       -159 -140 -148 -153 -156 -158 -160 -162 -164 -166 -167 -169 N DBW
         58   19   42   54   56   58   48   16  -34  -36  -35  -34 SNR
          3   36   14    1   -1   -3   20   55   90   91   90   90 RPWRG
       0.85 0.00 0.33 0.87 0.92 0.94 0.56 0.07 0.00 0.00 0.00 0.00 REL
       0.00 0.00 0.00 0.00 0.00 0.00 0.00 0.00 0.00 0.00 0.00 0.00 MPROB
       0.39 0.02 0.18 0.43 0.52 0.56 0.24 0.04 0.00 0.00 0.00 0.00 S PRB
       13.4  3.7  4.8  3.7  3.9  4.3 21.1 25.0  5.8  3.7  3.7  3.7 SIG LW
        8.2  5.2  5.4  6.1  6.4  5.2 13.5 25.0 25.0  5.2  5.2  5.2 SIG UP
       16.2 10.4 10.8 10.3 10.3 10.3 23.0 26.6 10.9 10.1 10.2 10.3 SNR LW
        9.7  7.9  8.0  8.4  8.5  7.5 14.5 25.5 25.5  7.5  7.7  7.8 SNR UP
        2.2  2.2  2.2  2.2  2.2  2.2  2.2  2.2  2.2  2.2  2.2  2.2 TGAIN
        2.2  2.2  2.2  2.2  2.2  2.2  2.2  2.2  2.2  2.2  2.2  2.2 RGAIN
         42    9   31   44   46   48   25  -10  -45  -46  -45  -45 SNRxx
 
  22.0 10.9  2.0  4.0  6.0  8.0 10.0 12.0 14.0 16.0 18.0 20.0 22.0 FREQ
        1F2  1 E  1 E  1F2  1F2  1F2  1F2  1F2  1F2  1F2  1F2  1F2 MODE
       31.9  9.4 10.4 26.0 25.6 27.4 32.8 32.8 32.8 32.8 32.8 32.8 TANGLE
        3.6  3.0  3.0  3.4  3.4  3.4  3.7  3.7  3.7  3.7  3.7  3.7 DELAY
        304   90   98  239  235  254  315  315  315  315  315  315 V HITE
       0.50 1.00 1.00 1.00 1.00 0.84 0.13 0.00 0.00 0.00 0.00 0.00 MUFday
        125  126  121  119  119  120  136  175  222  223  224  224 LOSS
         24    6   20   24   24   25   10  -28  -73  -73  -73  -73 DBU
       -102 -105  -97  -97  -99 -100 -116 -155 -202 -203 -204 -204 S DBW
       -159 -140 -148 -153 -156 -158 -160 -162 -164 -166 -168 -169 N DBW
         57   35   51   56   57   58   44    7  -38  -37  -36  -36 SNR
          6   21    5    0   -1   -2   28   65   94   93   92   92 RPWRG
       0.80 0.06 0.76 0.89 0.92 0.93 0.47 0.03 0.00 0.00 0.00 0.00 REL
       0.00 0.00 0.60 0.00 0.00 0.00 0.00 0.00 0.00 0.00 0.00 0.00 MPROB
       0.36 0.10 0.31 0.46 0.52 0.54 0.20 0.02 0.00 0.00 0.00 0.00 S PRB
       16.1  5.5  5.4  6.5  5.5  6.8 25.0 25.0  5.5  5.5  5.5  5.5 SIG LW
        9.5  5.9  7.0  7.1  6.2  6.0 16.8 25.0 23.7  5.9  5.9  5.9 SIG UP
       18.5 11.1 11.0 11.5 10.8 11.4 26.6 26.6 10.8 11.0 11.1 11.1 SNR LW
       10.8  8.4  9.1  9.1  8.3  8.0 17.6 25.5 24.3  8.1  8.3  8.3 SNR UP
        2.2  2.2  2.2  2.2  2.2  2.2  2.2  2.2  2.2  2.2  2.2  2.2 TGAIN
        2.2  2.2  2.2  2.2  2.2  2.2  2.2  2.2  2.2  2.2  2.2  2.2 RGAIN
         39   24   40   45   46   47   17  -20  -49  -48  -47  -47 SNRxx
     CCIR Coefficients         METHOD 22   VOACAP 10.0123W  PAGE  12
 
  Feb    2011          SSN =  22.                Minimum Angle= 6.000 degrees
  Transmitter         Receiver              AZIMUTHS          N. MI.      KM
  41.80 N   87.70 W - 38.41 N   78.29 W    112.13  298.20     477.3    883.8
  XMTR  2-30 +  2.2 dBi[default\Isotrope     ] Az=  0.0 OFFaz=112.1   0.100kW
  RCVR  2-30 +  2.2 dBi[default\Isotrope     ] Az=  0.0 OFFaz=298.2
  3 MHz NOISE = -145.0 dBW     REQ. REL = 90%    REQ. SNR = 45.0 dB
  MULTIPATH POWER TOLERANCE =  3.0 dB   MULTIPATH DELAY TOLERANCE =  0.100 ms
 
  23.0 10.0  2.0  4.0  6.0  8.0 10.0 12.0 14.0 16.0 18.0 20.0 22.0 FREQ
        1F2  1 E  1F2  1F2  1F2  1F2  1F2  1F2  1F2  1F2  1F2  1F2 MODE
       32.6  9.8 26.8 25.1 25.9 32.6 32.6 32.6 32.6 32.6 32.6 32.6 TANGLE
        3.7  3.0  3.4  3.4  3.4  3.7  3.7  3.7  3.7  3.7  3.7  3.7 DELAY
        312   93  247  230  238  312  312  312  312  312  312  312 V HITE
       0.50 1.00 1.00 1.00 0.99 0.50 0.01 0.00 0.00 0.00 0.00 0.00 MUFday
        122  115  114  114  115  122  152  208  220  221  222  222 LOSS
         23   17   26   27   28   23   -6  -61  -71  -71  -71  -70 DBU
       -102  -94  -91  -94  -95 -102 -132 -188 -200 -201 -202 -202 S DBW
       -158 -139 -147 -152 -155 -158 -160 -162 -164 -166 -168 -169 N DBW
         56   45   56   58   60   56   28  -26  -35  -35  -34  -33 SNR
          6    9   -2   -4   -6    6   44   84   90   89   89   88 RPWRG
       0.80 0.51 0.94 0.96 0.98 0.80 0.19 0.00 0.00 0.00 0.00 0.00 REL
       0.00 0.00 0.83 0.00 0.00 0.00 0.00 0.00 0.00 0.00 0.00 0.00 MPROB
       0.40 0.25 0.47 0.59 0.64 0.40 0.09 0.00 0.00 0.00 0.00 0.00 S PRB
       13.8  1.8  1.5  1.6  1.8 13.7 25.0  8.9  1.8  1.8  1.8  1.8 SIG LW
        8.5  4.3  5.2  4.6  4.5  8.5 24.1 25.0  4.1  4.1  4.1  4.1 SIG UP
       16.5  9.7  9.5  9.3  9.3 16.4 26.6 12.8  9.6  9.7  9.8  9.8 SNR LW
       10.0  7.5  7.9  7.4  7.1  9.9 24.6 25.5  6.8  7.0  7.1  7.2 SNR UP
        2.2  2.2  2.2  2.2  2.2  2.2  2.2  2.2  2.2  2.2  2.2  2.2 TGAIN
        2.2  2.2  2.2  2.2  2.2  2.2  2.2  2.2  2.2  2.2  2.2  2.2 RGAIN
         39   36   47   49   51   39    1  -39  -45  -44  -44  -43 SNRxx
 
  24.0  8.6  2.0  4.0  6.0  8.0 10.0 12.0 14.0 16.0 18.0 20.0 22.0 FREQ
        1F2  1 E  1F2  1F2  1F2  1F2  1F2  1F2  1F2  1F2  1F2  1F2 MODE
       33.0 10.4 25.4 25.6 28.1 33.0 33.0 33.0 33.0 33.0 33.0 33.0 TANGLE
        3.7  3.0  3.4  3.4  3.5  3.7  3.7  3.7  3.7  3.7  3.7  3.7 DELAY
        317   98  234  235  261  317  317  317  317  317  317  317 V HITE
       0.50 1.00 1.00 0.96 0.66 0.19 0.02 0.00 0.00 0.00 0.00 0.00 MUFday
        116  107  108  109  112  125  144  172  207  215  216  217 LOSS
         27   25   30   32   31   20    2  -24  -58  -65  -65  -65 DBU
        -96  -86  -87  -89  -92 -105 -124 -152 -187 -195 -196 -197 S DBW
       -156 -139 -147 -151 -155 -158 -160 -163 -165 -166 -168 -169 N DBW
         59   53   59   62   63   53   36   11  -22  -29  -29  -28 SNR
          5    2   -4   -6   -3   18   36   61   82   85   85   84 RPWRG
       0.82 0.85 0.96 0.98 0.94 0.66 0.28 0.04 0.00 0.00 0.00 0.00 REL
       0.00 0.00 0.00 0.00 0.00 0.00 0.00 0.00 0.00 0.00 0.00 0.00 MPROB
       0.42 0.40 0.58 0.64 0.55 0.29 0.14 0.03 0.00 0.00 0.00 0.00 S PRB
       17.5  4.1  4.6  6.7 12.1 24.1 25.0 25.0 10.9  5.7  5.7  5.7 SIG LW
        6.1  2.9  2.2  2.1  3.1 10.4 19.8 25.0 25.0  6.4  1.3  1.3 SIG UP
       19.7 10.3 10.2 11.2 15.0 25.7 26.6 26.7 14.5 11.1 11.2 11.2 SNR LW
        8.1  7.1  6.6  6.2  6.2 11.6 20.4 25.6 25.6  8.6  6.0  6.0 SNR UP
        2.2  2.2  2.2  2.2  2.2  2.2  2.2  2.2  2.2  2.2  2.2  2.2 TGAIN
        2.2  2.2  2.2  2.2  2.2  2.2  2.2  2.2  2.2  2.2  2.2  2.2 RGAIN
         40   43   49   51   48   27    9  -16  -37  -40  -40  -39 SNRxx
 *****END OF RUN*****     VOACAP 10.0123W
